<?xml version="1.0" encoding="UTF-8"?>
<coverage generated="1497290154676" clover="3.2.0">
  <project timestamp="1497290154676" name="All files">
    <metrics statements="345" coveredstatements="326" conditionals="299" coveredconditionals="272" methods="45" coveredmethods="45" elements="689" coveredelements="643" complexity="0" loc="345" ncloc="345" packages="2" files="5" classes="5">
      <package name="src">
        <metrics statements="340" coveredstatements="321" conditionals="289" coveredconditionals="267" methods="45" coveredmethods="45"/>
        <file name="convertToPropTypes.js" path="/Users/kross/projects/babel-plugin-flow-react-proptypes/src/convertToPropTypes.js">
          <metrics statements="86" coveredstatements="85" conditionals="94" coveredconditionals="91" methods="13" coveredmethods="13"/>
          <line num="4" count="939" type="stmt"/>
          <line num="7" count="939" type="cond" truecount="2" falsecount="0"/>
          <line num="8" count="152" type="stmt"/>
          <line num="11" count="152" type="stmt"/>
          <line num="15" count="300" type="stmt"/>
          <line num="17" count="300" type="cond" truecount="2" falsecount="0"/>
          <line num="18" count="2" type="stmt"/>
          <line num="21" count="298" type="stmt"/>
          <line num="26" count="152" type="stmt"/>
          <line num="28" count="787" type="cond" truecount="2" falsecount="0"/>
          <line num="29" count="298" type="stmt"/>
          <line num="30" count="298" type="stmt"/>
          <line num="33" count="298" type="stmt"/>
          <line num="36" count="298" type="cond" truecount="1" falsecount="1"/>
          <line num="37" count="298" type="cond" truecount="2" falsecount="0"/>
          <line num="40" count="298" type="stmt"/>
          <line num="42" count="489" type="cond" truecount="2" falsecount="0"/>
          <line num="43" count="2" type="stmt"/>
          <line num="45" count="2" type="cond" truecount="2" falsecount="0"/>
          <line num="46" count="1" type="stmt"/>
          <line num="49" count="1" type="stmt"/>
          <line num="52" count="2" type="stmt"/>
          <line num="53" count="2" type="stmt"/>
          <line num="60" count="2" type="cond" truecount="2" falsecount="0"/>
          <line num="61" count="1" type="stmt"/>
          <line num="63" count="2" type="stmt"/>
          <line num="65" count="487" type="cond" truecount="2" falsecount="0"/>
          <line num="66" count="486" type="cond" truecount="2" falsecount="0"/>
          <line num="67" count="481" type="cond" truecount="2" falsecount="0"/>
          <line num="68" count="480" type="cond" truecount="2" falsecount="0"/>
          <line num="69" count="479" type="cond" truecount="2" falsecount="0"/>
          <line num="70" count="478" type="cond" truecount="2" falsecount="0"/>
          <line num="71" count="407" type="cond" truecount="2" falsecount="0"/>
          <line num="72" count="287" type="cond" truecount="2" falsecount="0"/>
          <line num="73" count="282" type="cond" truecount="2" falsecount="0"/>
          <line num="74" count="278" type="cond" truecount="2" falsecount="0"/>
          <line num="75" count="277" type="cond" truecount="2" falsecount="0"/>
          <line num="76" count="4" type="stmt"/>
          <line num="77" count="4" type="stmt"/>
          <line num="79" count="273" type="cond" truecount="2" falsecount="0"/>
          <line num="80" count="110" type="cond" truecount="2" falsecount="0"/>
          <line num="82" count="110" type="stmt"/>
          <line num="83" count="110" type="stmt"/>
          <line num="85" count="110" type="cond" truecount="2" falsecount="0"/>
          <line num="86" count="64" type="stmt"/>
          <line num="88" count="42" type="cond" truecount="4" falsecount="0"/>
          <line num="89" count="1" type="stmt"/>
          <line num="91" count="41" type="cond" truecount="2" falsecount="0"/>
          <line num="92" count="12" type="stmt"/>
          <line num="97" count="29" type="stmt"/>
          <line num="101" count="231" type="cond" truecount="4" falsecount="0"/>
          <line num="102" count="1" type="stmt"/>
          <line num="107" count="230" type="cond" truecount="4" falsecount="0"/>
          <line num="108" count="191" type="cond" truecount="4" falsecount="0"/>
          <line num="110" count="6" type="cond" truecount="2" falsecount="0"/>
          <line num="111" count="2" type="stmt"/>
          <line num="114" count="4" type="stmt"/>
          <line num="116" count="6" type="cond" truecount="6" falsecount="0"/>
          <line num="120" count="1" type="stmt"/>
          <line num="123" count="5" type="stmt"/>
          <line num="126" count="185" type="cond" truecount="5" falsecount="0"/>
          <line num="127" count="96" type="stmt"/>
          <line num="129" count="89" type="cond" truecount="5" falsecount="0"/>
          <line num="130" count="68" type="stmt"/>
          <line num="132" count="21" type="cond" truecount="2" falsecount="0"/>
          <line num="133" count="4" type="stmt"/>
          <line num="135" count="17" type="cond" truecount="2" falsecount="0"/>
          <line num="136" count="1" type="stmt"/>
          <line num="139" count="16" type="stmt"/>
          <line num="142" count="39" type="cond" truecount="2" falsecount="0"/>
          <line num="143" count="29" type="stmt"/>
          <line num="145" count="67" type="stmt"/>
          <line num="148" count="29" type="stmt"/>
          <line num="152" count="29" type="cond" truecount="2" falsecount="0"/>
          <line num="153" count="1" type="stmt"/>
          <line num="154" count="1" type="stmt"/>
          <line num="156" count="59" type="cond" truecount="2" falsecount="0"/>
          <line num="158" count="22" type="stmt"/>
          <line num="161" count="49" type="stmt"/>
          <line num="166" count="6" type="stmt"/>
          <line num="169" count="14" type="stmt"/>
          <line num="173" count="10" type="cond" truecount="1" falsecount="1"/>
          <line num="179" count="10" type="stmt"/>
          <line num="182" count="639" type="cond" truecount="1" falsecount="1"/>
          <line num="183" count="639" type="stmt"/>
          <line num="186" count="0" type="stmt"/>
        </file>
        <file name="index.js" path="/Users/kross/projects/babel-plugin-flow-react-proptypes/src/index.js">
          <metrics statements="112" coveredstatements="106" conditionals="103" coveredconditionals="92" methods="9" coveredmethods="9"/>
          <line num="12" count="72" type="stmt"/>
          <line num="15" count="72" type="stmt"/>
          <line num="16" count="72" type="stmt"/>
          <line num="17" count="72" type="stmt"/>
          <line num="24" count="204" type="stmt"/>
          <line num="30" count="72" type="stmt"/>
          <line num="31" count="74" type="stmt"/>
          <line num="33" count="74" type="cond" truecount="6" falsecount="0"/>
          <line num="36" count="73" type="stmt"/>
          <line num="38" count="1" type="cond" truecount="3" falsecount="1"/>
          <line num="39" count="1" type="stmt"/>
          <line num="42" count="0" type="stmt"/>
          <line num="45" count="74" type="stmt"/>
          <line num="48" count="72" type="stmt"/>
          <line num="50" count="22" type="stmt"/>
          <line num="51" count="22" type="cond" truecount="3" falsecount="0"/>
          <line num="55" count="22" type="cond" truecount="1" falsecount="1"/>
          <line num="56" count="0" type="stmt"/>
          <line num="57" count="0" type="stmt"/>
          <line num="60" count="22" type="stmt"/>
          <line num="63" count="72" type="stmt"/>
          <line num="64" count="72" type="stmt"/>
          <line num="66" count="72" type="stmt"/>
          <line num="67" count="407" type="cond" truecount="5" falsecount="0"/>
          <line num="69" count="128" type="stmt"/>
          <line num="71" count="279" type="cond" truecount="2" falsecount="0"/>
          <line num="72" count="3" type="stmt"/>
          <line num="74" count="276" type="cond" truecount="2" falsecount="0"/>
          <line num="75" count="19" type="stmt"/>
          <line num="77" count="257" type="stmt"/>
          <line num="90" count="72" type="stmt"/>
          <line num="95" count="74" type="cond" truecount="4" falsecount="0"/>
          <line num="96" count="16" type="stmt"/>
          <line num="97" count="16" type="stmt"/>
          <line num="98" count="16" type="cond" truecount="2" falsecount="0"/>
          <line num="101" count="58" type="stmt"/>
          <line num="102" count="58" type="cond" truecount="2" falsecount="0"/>
          <line num="105" count="74" type="cond" truecount="1" falsecount="1"/>
          <line num="106" count="0" type="stmt"/>
          <line num="109" count="74" type="stmt"/>
          <line num="110" count="74" type="cond" truecount="2" falsecount="0"/>
          <line num="111" count="2" type="stmt"/>
          <line num="113" count="72" type="stmt"/>
          <line num="120" count="72" type="stmt"/>
          <line num="131" count="72" type="stmt"/>
          <line num="132" count="407" type="cond" truecount="2" falsecount="0"/>
          <line num="133" count="385" type="stmt"/>
          <line num="135" count="22" type="stmt"/>
          <line num="136" count="22" type="cond" truecount="2" falsecount="0"/>
          <line num="137" count="21" type="stmt"/>
          <line num="141" count="72" type="stmt"/>
          <line num="144" count="89" type="stmt"/>
          <line num="145" count="89" type="stmt"/>
          <line num="146" count="89" type="stmt"/>
          <line num="147" count="89" type="stmt"/>
          <line num="148" count="89" type="cond" truecount="4" falsecount="0"/>
          <line num="149" count="1" type="stmt"/>
          <line num="150" count="1" type="cond" truecount="3" falsecount="1"/>
          <line num="151" count="1" type="stmt"/>
          <line num="154" count="89" type="cond" truecount="4" falsecount="1"/>
          <line num="155" count="89" type="cond" truecount="1" falsecount="1"/>
          <line num="158" count="0" type="stmt"/>
          <line num="163" count="58" type="cond" truecount="2" falsecount="0"/>
          <line num="164" count="57" type="stmt"/>
          <line num="165" count="57" type="stmt"/>
          <line num="167" count="57" type="stmt"/>
          <line num="168" count="57" type="cond" truecount="1" falsecount="1"/>
          <line num="169" count="0" type="stmt"/>
          <line num="172" count="57" type="stmt"/>
          <line num="173" count="57" type="stmt"/>
          <line num="176" count="56" type="cond" truecount="2" falsecount="0"/>
          <line num="177" count="55" type="stmt"/>
          <line num="180" count="55" type="cond" truecount="5" falsecount="0"/>
          <line num="183" count="55" type="cond" truecount="3" falsecount="1"/>
          <line num="186" count="55" type="cond" truecount="4" falsecount="0"/>
          <line num="187" count="1" type="stmt"/>
          <line num="188" count="1" type="stmt"/>
          <line num="192" count="54" type="stmt"/>
          <line num="193" count="74" type="cond" truecount="5" falsecount="0"/>
          <line num="194" count="52" type="stmt"/>
          <line num="195" count="52" type="stmt"/>
          <line num="200" count="54" type="cond" truecount="2" falsecount="0"/>
          <line num="201" count="54" type="cond" truecount="4" falsecount="0"/>
          <line num="202" count="1" type="stmt"/>
          <line num="203" count="1" type="stmt"/>
          <line num="204" count="1" type="stmt"/>
          <line num="209" count="124" type="cond" truecount="2" falsecount="0"/>
          <line num="210" count="123" type="stmt"/>
          <line num="214" count="262" type="cond" truecount="2" falsecount="0"/>
          <line num="215" count="258" type="stmt"/>
          <line num="219" count="26" type="cond" truecount="1" falsecount="1"/>
          <line num="220" count="26" type="stmt"/>
          <line num="234" count="85" type="cond" truecount="1" falsecount="1"/>
          <line num="235" count="85" type="stmt"/>
          <line num="238" count="85" type="cond" truecount="4" falsecount="0"/>
          <line num="239" count="11" type="stmt"/>
          <line num="242" count="74" type="stmt"/>
          <line num="244" count="74" type="stmt"/>
          <line num="245" count="74" type="stmt"/>
          <line num="246" count="74" type="stmt"/>
          <line num="248" count="74" type="stmt"/>
          <line num="250" count="74" type="stmt"/>
          <line num="258" count="74" type="stmt"/>
          <line num="269" count="74" type="stmt"/>
          <line num="272" count="65" type="cond" truecount="1" falsecount="1"/>
          <line num="273" count="65" type="stmt"/>
          <line num="279" count="65" type="cond" truecount="2" falsecount="0"/>
          <line num="280" count="30" type="stmt"/>
          <line num="281" count="44" type="cond" truecount="2" falsecount="0"/>
          <line num="293" count="44" type="stmt"/>
          <line num="294" count="44" type="stmt"/>
          <line num="320" count="44" type="stmt"/>
        </file>
        <file name="makePropTypesAst.js" path="/Users/kross/projects/babel-plugin-flow-react-proptypes/src/makePropTypesAst.js">
          <metrics statements="108" coveredstatements="101" conditionals="64" coveredconditionals="59" methods="17" coveredmethods="17"/>
          <line num="5" count="72" type="stmt"/>
          <line num="7" count="72" type="stmt"/>
          <line num="13" count="72" type="stmt"/>
          <line num="41" count="148" type="cond" truecount="2" falsecount="0"/>
          <line num="44" count="17" type="stmt"/>
          <line num="46" count="131" type="cond" truecount="2" falsecount="0"/>
          <line num="47" count="90" type="stmt"/>
          <line num="49" count="41" type="cond" truecount="2" falsecount="0"/>
          <line num="50" count="2" type="stmt"/>
          <line num="70" count="74" type="stmt"/>
          <line num="71" count="74" type="cond" truecount="2" falsecount="0"/>
          <line num="72" count="37" type="stmt"/>
          <line num="73" count="37" type="stmt"/>
          <line num="75" count="74" type="stmt"/>
          <line num="80" count="66" type="stmt"/>
          <line num="81" count="66" type="stmt"/>
          <line num="82" count="66" type="stmt"/>
          <line num="86" count="50" type="stmt"/>
          <line num="91" count="50" type="stmt"/>
          <line num="92" count="50" type="stmt"/>
          <line num="93" count="50" type="stmt"/>
          <line num="94" count="50" type="stmt"/>
          <line num="130" count="32" type="stmt"/>
          <line num="131" count="32" type="stmt"/>
          <line num="132" count="91" type="cond" truecount="2" falsecount="0"/>
          <line num="133" count="48" type="stmt"/>
          <line num="136" count="43" type="cond" truecount="2" falsecount="0"/>
          <line num="137" count="41" type="stmt"/>
          <line num="139" count="2" type="cond" truecount="1" falsecount="1"/>
          <line num="142" count="2" type="stmt"/>
          <line num="145" count="32" type="stmt"/>
          <line num="150" count="32" type="stmt"/>
          <line num="160" count="13" type="stmt"/>
          <line num="161" count="13" type="stmt"/>
          <line num="174" count="131" type="stmt"/>
          <line num="175" count="271" type="stmt"/>
          <line num="180" count="131" type="stmt"/>
          <line num="184" count="508" type="cond" truecount="1" falsecount="1"/>
          <line num="185" count="508" type="stmt"/>
          <line num="188" count="0" type="stmt"/>
          <line num="189" count="0" type="stmt"/>
          <line num="193" count="40" type="stmt"/>
          <line num="197" count="7" type="stmt"/>
          <line num="201" count="371" type="stmt"/>
          <line num="205" count="7" type="stmt"/>
          <line num="208" count="7" type="cond" truecount="2" falsecount="0"/>
          <line num="209" count="2" type="stmt"/>
          <line num="211" count="5" type="cond" truecount="1" falsecount="1"/>
          <line num="212" count="5" type="stmt"/>
          <line num="215" count="0" type="stmt"/>
          <line num="217" count="7" type="stmt"/>
          <line num="219" count="7" type="stmt"/>
          <line num="221" count="7" type="stmt"/>
          <line num="246" count="406" type="stmt"/>
          <line num="248" count="406" type="cond" truecount="2" falsecount="0"/>
          <line num="249" count="1" type="stmt"/>
          <line num="250" count="1" type="stmt"/>
          <line num="253" count="405" type="stmt"/>
          <line num="254" count="405" type="stmt"/>
          <line num="256" count="405" type="cond" truecount="10" falsecount="0"/>
          <line num="258" count="255" type="stmt"/>
          <line num="260" count="150" type="cond" truecount="2" falsecount="0"/>
          <line num="261" count="24" type="stmt"/>
          <line num="265" count="24" type="stmt"/>
          <line num="266" count="24" type="stmt"/>
          <line num="273" count="24" type="cond" truecount="2" falsecount="0"/>
          <line num="274" count="20" type="stmt"/>
          <line num="276" count="24" type="stmt"/>
          <line num="277" count="24" type="stmt"/>
          <line num="279" count="126" type="cond" truecount="2" falsecount="0"/>
          <line num="280" count="45" type="stmt"/>
          <line num="281" count="76" type="stmt"/>
          <line num="283" count="45" type="cond" truecount="4" falsecount="0"/>
          <line num="284" count="2" type="stmt"/>
          <line num="288" count="4" type="stmt"/>
          <line num="293" count="45" type="stmt"/>
          <line num="294" count="45" type="stmt"/>
          <line num="299" count="81" type="cond" truecount="2" falsecount="0"/>
          <line num="301" count="13" type="stmt"/>
          <line num="303" count="68" type="cond" truecount="2" falsecount="0"/>
          <line num="304" count="7" type="stmt"/>
          <line num="309" count="61" type="cond" truecount="2" falsecount="0"/>
          <line num="310" count="35" type="stmt"/>
          <line num="315" count="26" type="cond" truecount="2" falsecount="0"/>
          <line num="316" count="6" type="stmt"/>
          <line num="321" count="20" type="cond" truecount="2" falsecount="0"/>
          <line num="322" count="4" type="stmt"/>
          <line num="323" count="4" type="stmt"/>
          <line num="325" count="16" type="cond" truecount="1" falsecount="1"/>
          <line num="326" count="16" type="stmt"/>
          <line num="328" count="16" type="cond" truecount="2" falsecount="0"/>
          <line num="329" count="11" type="stmt"/>
          <line num="331" count="5" type="cond" truecount="1" falsecount="1"/>
          <line num="332" count="5" type="stmt"/>
          <line num="335" count="0" type="stmt"/>
          <line num="337" count="16" type="stmt"/>
          <line num="341" count="16" type="stmt"/>
          <line num="342" count="16" type="cond" truecount="2" falsecount="0"/>
          <line num="343" count="14" type="stmt"/>
          <line num="344" count="14" type="stmt"/>
          <line num="346" count="16" type="stmt"/>
          <line num="347" count="16" type="stmt"/>
          <line num="353" count="0" type="stmt"/>
          <line num="354" count="0" type="stmt"/>
          <line num="355" count="0" type="stmt"/>
          <line num="359" count="405" type="cond" truecount="4" falsecount="0"/>
          <line num="360" count="323" type="stmt"/>
          <line num="363" count="405" type="stmt"/>
        </file>
        <file name="util.js" path="/Users/kross/projects/babel-plugin-flow-react-proptypes/src/util.js">
          <metrics statements="34" coveredstatements="29" conditionals="28" coveredconditionals="25" methods="6" coveredmethods="6"/>
          <line num="4" count="72" type="stmt"/>
          <line num="7" count="72" type="stmt"/>
          <line num="10" count="2" type="stmt"/>
          <line num="14" count="572" type="cond" truecount="2" falsecount="0"/>
          <line num="15" count="12" type="cond" truecount="2" falsecount="0"/>
          <line num="16" count="4" type="cond" truecount="1" falsecount="1"/>
          <line num="18" count="0" type="stmt"/>
          <line num="19" count="0" type="stmt"/>
          <line num="24" count="206" type="stmt"/>
          <line num="28" count="276" type="stmt"/>
          <line num="35" count="276" type="stmt"/>
          <line num="37" count="276" type="stmt"/>
          <line num="39" count="17" type="stmt"/>
          <line num="40" count="17" type="stmt"/>
          <line num="43" count="344" type="cond" truecount="1" falsecount="1"/>
          <line num="44" count="0" type="stmt"/>
          <line num="45" count="0" type="stmt"/>
          <line num="48" count="344" type="stmt"/>
          <line num="49" count="344" type="stmt"/>
          <line num="50" count="344" type="cond" truecount="2" falsecount="0"/>
          <line num="51" count="235" type="cond" truecount="2" falsecount="0"/>
          <line num="55" count="2" type="stmt"/>
          <line num="56" count="2" type="stmt"/>
          <line num="60" count="276" type="stmt"/>
          <line num="64" count="279" type="cond" truecount="2" falsecount="0"/>
          <line num="65" count="261" type="stmt"/>
          <line num="67" count="18" type="cond" truecount="4" falsecount="0"/>
          <line num="68" count="14" type="stmt"/>
          <line num="71" count="4" type="stmt"/>
          <line num="72" count="4" type="cond" truecount="2" falsecount="0"/>
          <line num="73" count="3" type="cond" truecount="3" falsecount="1"/>
          <line num="74" count="3" type="stmt"/>
          <line num="77" count="0" type="stmt"/>
          <line num="81" count="1" type="stmt"/>
        </file>
      </package>
      <package name="src.__tests__.lib">
        <metrics statements="5" coveredstatements="5" conditionals="10" coveredconditionals="5" methods="0" coveredmethods="0"/>
        <file name="test-types.js.transpiled" path="/Users/kross/projects/babel-plugin-flow-react-proptypes/src/__tests__/lib/test-types.js.transpiled">
          <metrics statements="5" coveredstatements="5" conditionals="10" coveredconditionals="5" methods="0" coveredmethods="0"/>
          <line num="3" count="3" type="cond" truecount="1" falsecount="1"/>
          <line num="8" count="3" type="cond" truecount="1" falsecount="1"/>
          <line num="22" count="3" type="cond" truecount="1" falsecount="1"/>
          <line num="25" count="3" type="cond" truecount="1" falsecount="1"/>
          <line num="28" count="3" type="cond" truecount="1" falsecount="1"/>
        </file>
      </package>
    </metrics>
  </project>
</coverage>
