{"/Users/kross/projects/babel-plugin-flow-react-proptypes/src/convertToPropTypes.js": {"path":"/Users/kross/projects/babel-plugin-flow-react-proptypes/src/convertToPropTypes.js","statementMap":{"0":{"start":{"line":4,"column":2},"end":{"line":4,"column":37}},"1":{"start":{"line":7,"column":2},"end":{"line":180,"column":3}},"2":{"start":{"line":8,"column":23},"end":{"line":8,"column":25}},"3":{"start":{"line":11,"column":4},"end":{"line":23,"column":7}},"4":{"start":{"line":15,"column":21},"end":{"line":15,"column":78}},"5":{"start":{"line":17,"column":6},"end":{"line":22,"column":7}},"6":{"start":{"line":18,"column":8},"end":{"line":18,"column":56}},"7":{"start":{"line":18,"column":33},"end":{"line":18,"column":54}},"8":{"start":{"line":21,"column":8},"end":{"line":21,"column":32}},"9":{"start":{"line":26,"column":4},"end":{"line":26,"column":70}},"10":{"start":{"line":28,"column":7},"end":{"line":180,"column":3}},"11":{"start":{"line":29,"column":16},"end":{"line":29,"column":29}},"12":{"start":{"line":30,"column":16},"end":{"line":30,"column":26}},"13":{"start":{"line":33,"column":4},"end":{"line":33,"column":68}},"14":{"start":{"line":36,"column":4},"end":{"line":38,"column":5}},"15":{"start":{"line":37,"column":6},"end":{"line":37,"column":59}},"16":{"start":{"line":40,"column":4},"end":{"line":40,"column":24}},"17":{"start":{"line":42,"column":7},"end":{"line":180,"column":3}},"18":{"start":{"line":43,"column":18},"end":{"line":43,"column":40}},"19":{"start":{"line":45,"column":4},"end":{"line":50,"column":5}},"20":{"start":{"line":46,"column":6},"end":{"line":46,"column":55}},"21":{"start":{"line":49,"column":6},"end":{"line":49,"column":30}},"22":{"start":{"line":52,"column":24},"end":{"line":52,"column":81}},"23":{"start":{"line":53,"column":23},"end":{"line":53,"column":45}},"24":{"start":{"line":60,"column":4},"end":{"line":62,"column":5}},"25":{"start":{"line":61,"column":6},"end":{"line":61,"column":66}},"26":{"start":{"line":61,"column":35},"end":{"line":61,"column":64}},"27":{"start":{"line":63,"column":4},"end":{"line":63,"column":22}},"28":{"start":{"line":65,"column":7},"end":{"line":180,"column":3}},"29":{"start":{"line":65,"column":51},"end":{"line":65,"column":83}},"30":{"start":{"line":66,"column":7},"end":{"line":180,"column":3}},"31":{"start":{"line":66,"column":46},"end":{"line":66,"column":77}},"32":{"start":{"line":67,"column":7},"end":{"line":180,"column":3}},"33":{"start":{"line":67,"column":49},"end":{"line":67,"column":80}},"34":{"start":{"line":68,"column":7},"end":{"line":180,"column":3}},"35":{"start":{"line":68,"column":48},"end":{"line":68,"column":79}},"36":{"start":{"line":69,"column":7},"end":{"line":180,"column":3}},"37":{"start":{"line":69,"column":49},"end":{"line":69,"column":80}},"38":{"start":{"line":70,"column":7},"end":{"line":180,"column":3}},"39":{"start":{"line":70,"column":49},"end":{"line":70,"column":83}},"40":{"start":{"line":71,"column":7},"end":{"line":180,"column":3}},"41":{"start":{"line":71,"column":49},"end":{"line":71,"column":83}},"42":{"start":{"line":72,"column":7},"end":{"line":180,"column":3}},"43":{"start":{"line":72,"column":50},"end":{"line":72,"column":82}},"44":{"start":{"line":73,"column":7},"end":{"line":180,"column":3}},"45":{"start":{"line":73,"column":47},"end":{"line":73,"column":79}},"46":{"start":{"line":74,"column":7},"end":{"line":180,"column":3}},"47":{"start":{"line":74,"column":48},"end":{"line":74,"column":102}},"48":{"start":{"line":75,"column":7},"end":{"line":180,"column":3}},"49":{"start":{"line":76,"column":4},"end":{"line":76,"column":91}},"50":{"start":{"line":77,"column":4},"end":{"line":77,"column":35}},"51":{"start":{"line":79,"column":7},"end":{"line":180,"column":3}},"52":{"start":{"line":80,"column":34},"end":{"line":80,"column":156}},"53":{"start":{"line":80,"column":66},"end":{"line":80,"column":155}},"54":{"start":{"line":82,"column":22},"end":{"line":82,"column":111}},"55":{"start":{"line":82,"column":56},"end":{"line":82,"column":110}},"56":{"start":{"line":83,"column":19},"end":{"line":83,"column":74}},"57":{"start":{"line":83,"column":48},"end":{"line":83,"column":73}},"58":{"start":{"line":85,"column":33},"end":{"line":85,"column":133}},"59":{"start":{"line":85,"column":62},"end":{"line":85,"column":132}},"60":{"start":{"line":86,"column":29},"end":{"line":86,"column":86}},"61":{"start":{"line":86,"column":65},"end":{"line":86,"column":84}},"62":{"start":{"line":88,"column":4},"end":{"line":98,"column":5}},"63":{"start":{"line":89,"column":6},"end":{"line":89,"column":37}},"64":{"start":{"line":91,"column":9},"end":{"line":98,"column":5}},"65":{"start":{"line":92,"column":6},"end":{"line":92,"column":71}},"66":{"start":{"line":97,"column":6},"end":{"line":97,"column":82}},"67":{"start":{"line":101,"column":7},"end":{"line":180,"column":3}},"68":{"start":{"line":102,"column":4},"end":{"line":105,"column":6}},"69":{"start":{"line":107,"column":7},"end":{"line":180,"column":3}},"70":{"start":{"line":108,"column":4},"end":{"line":140,"column":5}},"71":{"start":{"line":110,"column":6},"end":{"line":115,"column":7}},"72":{"start":{"line":111,"column":8},"end":{"line":111,"column":37}},"73":{"start":{"line":114,"column":8},"end":{"line":114,"column":50}},"74":{"start":{"line":116,"column":6},"end":{"line":124,"column":7}},"75":{"start":{"line":120,"column":8},"end":{"line":120,"column":40}},"76":{"start":{"line":123,"column":8},"end":{"line":123,"column":108}},"77":{"start":{"line":126,"column":9},"end":{"line":140,"column":5}},"78":{"start":{"line":127,"column":6},"end":{"line":127,"column":70}},"79":{"start":{"line":129,"column":9},"end":{"line":140,"column":5}},"80":{"start":{"line":130,"column":6},"end":{"line":130,"column":73}},"81":{"start":{"line":132,"column":9},"end":{"line":140,"column":5}},"82":{"start":{"line":133,"column":6},"end":{"line":133,"column":40}},"83":{"start":{"line":135,"column":9},"end":{"line":140,"column":5}},"84":{"start":{"line":136,"column":6},"end":{"line":136,"column":38}},"85":{"start":{"line":139,"column":6},"end":{"line":139,"column":64}},"86":{"start":{"line":142,"column":7},"end":{"line":180,"column":3}},"87":{"start":{"line":143,"column":20},"end":{"line":143,"column":24}},"88":{"start":{"line":145,"column":30},"end":{"line":145,"column":87}},"89":{"start":{"line":145,"column":48},"end":{"line":145,"column":86}},"90":{"start":{"line":148,"column":21},"end":{"line":148,"column":62}},"91":{"start":{"line":152,"column":4},"end":{"line":171,"column":5}},"92":{"start":{"line":153,"column":6},"end":{"line":153,"column":94}},"93":{"start":{"line":154,"column":6},"end":{"line":154,"column":41}},"94":{"start":{"line":156,"column":9},"end":{"line":171,"column":5}},"95":{"start":{"line":156,"column":42},"end":{"line":156,"column":64}},"96":{"start":{"line":158,"column":6},"end":{"line":162,"column":8}},"97":{"start":{"line":161,"column":52},"end":{"line":161,"column":57}},"98":{"start":{"line":166,"column":6},"end":{"line":170,"column":8}},"99":{"start":{"line":169,"column":49},"end":{"line":169,"column":103}},"100":{"start":{"line":173,"column":7},"end":{"line":180,"column":3}},"101":{"start":{"line":179,"column":4},"end":{"line":179,"column":60}},"102":{"start":{"line":182,"column":2},"end":{"line":187,"column":3}},"103":{"start":{"line":183,"column":4},"end":{"line":183,"column":26}},"104":{"start":{"line":186,"column":4},"end":{"line":186,"column":121}}},"fnMap":{"0":{"name":"convertToPropTypes","decl":{"start":{"line":3,"column":24},"end":{"line":3,"column":42}},"loc":{"start":{"line":3,"column":79},"end":{"line":188,"column":1}},"line":3},"1":{"name":"(anonymous_1)","decl":{"start":{"line":11,"column":28},"end":{"line":11,"column":29}},"loc":{"start":{"line":11,"column":41},"end":{"line":23,"column":5}},"line":11},"2":{"name":"(anonymous_2)","decl":{"start":{"line":18,"column":23},"end":{"line":18,"column":24}},"loc":{"start":{"line":18,"column":33},"end":{"line":18,"column":54}},"line":18},"3":{"name":"(anonymous_3)","decl":{"start":{"line":61,"column":25},"end":{"line":61,"column":26}},"loc":{"start":{"line":61,"column":35},"end":{"line":61,"column":64}},"line":61},"4":{"name":"(anonymous_4)","decl":{"start":{"line":80,"column":52},"end":{"line":80,"column":53}},"loc":{"start":{"line":80,"column":66},"end":{"line":80,"column":155}},"line":80},"5":{"name":"(anonymous_5)","decl":{"start":{"line":82,"column":48},"end":{"line":82,"column":49}},"loc":{"start":{"line":82,"column":56},"end":{"line":82,"column":110}},"line":82},"6":{"name":"(anonymous_6)","decl":{"start":{"line":83,"column":36},"end":{"line":83,"column":37}},"loc":{"start":{"line":83,"column":48},"end":{"line":83,"column":73}},"line":83},"7":{"name":"(anonymous_7)","decl":{"start":{"line":85,"column":50},"end":{"line":85,"column":51}},"loc":{"start":{"line":85,"column":62},"end":{"line":85,"column":132}},"line":85},"8":{"name":"(anonymous_8)","decl":{"start":{"line":86,"column":53},"end":{"line":86,"column":54}},"loc":{"start":{"line":86,"column":65},"end":{"line":86,"column":84}},"line":86},"9":{"name":"(anonymous_9)","decl":{"start":{"line":145,"column":43},"end":{"line":145,"column":44}},"loc":{"start":{"line":145,"column":48},"end":{"line":145,"column":86}},"line":145},"10":{"name":"(anonymous_10)","decl":{"start":{"line":156,"column":37},"end":{"line":156,"column":38}},"loc":{"start":{"line":156,"column":42},"end":{"line":156,"column":64}},"line":156},"11":{"name":"(anonymous_11)","decl":{"start":{"line":161,"column":39},"end":{"line":161,"column":40}},"loc":{"start":{"line":161,"column":52},"end":{"line":161,"column":57}},"line":161},"12":{"name":"(anonymous_12)","decl":{"start":{"line":169,"column":39},"end":{"line":169,"column":40}},"loc":{"start":{"line":169,"column":49},"end":{"line":169,"column":103}},"line":169}},"branchMap":{"0":{"loc":{"start":{"line":7,"column":2},"end":{"line":180,"column":3}},"type":"if","locations":[{"start":{"line":7,"column":2},"end":{"line":180,"column":3}},{"start":{"line":7,"column":2},"end":{"line":180,"column":3}}],"line":7},"1":{"loc":{"start":{"line":17,"column":6},"end":{"line":22,"column":7}},"type":"if","locations":[{"start":{"line":17,"column":6},"end":{"line":22,"column":7}},{"start":{"line":17,"column":6},"end":{"line":22,"column":7}}],"line":17},"2":{"loc":{"start":{"line":28,"column":7},"end":{"line":180,"column":3}},"type":"if","locations":[{"start":{"line":28,"column":7},"end":{"line":180,"column":3}},{"start":{"line":28,"column":7},"end":{"line":180,"column":3}}],"line":28},"3":{"loc":{"start":{"line":36,"column":4},"end":{"line":38,"column":5}},"type":"if","locations":[{"start":{"line":36,"column":4},"end":{"line":38,"column":5}},{"start":{"line":36,"column":4},"end":{"line":38,"column":5}}],"line":36},"4":{"loc":{"start":{"line":37,"column":25},"end":{"line":37,"column":58}},"type":"binary-expr","locations":[{"start":{"line":37,"column":25},"end":{"line":37,"column":39}},{"start":{"line":37,"column":43},"end":{"line":37,"column":58}}],"line":37},"5":{"loc":{"start":{"line":42,"column":7},"end":{"line":180,"column":3}},"type":"if","locations":[{"start":{"line":42,"column":7},"end":{"line":180,"column":3}},{"start":{"line":42,"column":7},"end":{"line":180,"column":3}}],"line":42},"6":{"loc":{"start":{"line":45,"column":4},"end":{"line":50,"column":5}},"type":"if","locations":[{"start":{"line":45,"column":4},"end":{"line":50,"column":5}},{"start":{"line":45,"column":4},"end":{"line":50,"column":5}}],"line":45},"7":{"loc":{"start":{"line":60,"column":4},"end":{"line":62,"column":5}},"type":"if","locations":[{"start":{"line":60,"column":4},"end":{"line":62,"column":5}},{"start":{"line":60,"column":4},"end":{"line":62,"column":5}}],"line":60},"8":{"loc":{"start":{"line":65,"column":7},"end":{"line":180,"column":3}},"type":"if","locations":[{"start":{"line":65,"column":7},"end":{"line":180,"column":3}},{"start":{"line":65,"column":7},"end":{"line":180,"column":3}}],"line":65},"9":{"loc":{"start":{"line":66,"column":7},"end":{"line":180,"column":3}},"type":"if","locations":[{"start":{"line":66,"column":7},"end":{"line":180,"column":3}},{"start":{"line":66,"column":7},"end":{"line":180,"column":3}}],"line":66},"10":{"loc":{"start":{"line":67,"column":7},"end":{"line":180,"column":3}},"type":"if","locations":[{"start":{"line":67,"column":7},"end":{"line":180,"column":3}},{"start":{"line":67,"column":7},"end":{"line":180,"column":3}}],"line":67},"11":{"loc":{"start":{"line":68,"column":7},"end":{"line":180,"column":3}},"type":"if","locations":[{"start":{"line":68,"column":7},"end":{"line":180,"column":3}},{"start":{"line":68,"column":7},"end":{"line":180,"column":3}}],"line":68},"12":{"loc":{"start":{"line":69,"column":7},"end":{"line":180,"column":3}},"type":"if","locations":[{"start":{"line":69,"column":7},"end":{"line":180,"column":3}},{"start":{"line":69,"column":7},"end":{"line":180,"column":3}}],"line":69},"13":{"loc":{"start":{"line":70,"column":7},"end":{"line":180,"column":3}},"type":"if","locations":[{"start":{"line":70,"column":7},"end":{"line":180,"column":3}},{"start":{"line":70,"column":7},"end":{"line":180,"column":3}}],"line":70},"14":{"loc":{"start":{"line":71,"column":7},"end":{"line":180,"column":3}},"type":"if","locations":[{"start":{"line":71,"column":7},"end":{"line":180,"column":3}},{"start":{"line":71,"column":7},"end":{"line":180,"column":3}}],"line":71},"15":{"loc":{"start":{"line":72,"column":7},"end":{"line":180,"column":3}},"type":"if","locations":[{"start":{"line":72,"column":7},"end":{"line":180,"column":3}},{"start":{"line":72,"column":7},"end":{"line":180,"column":3}}],"line":72},"16":{"loc":{"start":{"line":73,"column":7},"end":{"line":180,"column":3}},"type":"if","locations":[{"start":{"line":73,"column":7},"end":{"line":180,"column":3}},{"start":{"line":73,"column":7},"end":{"line":180,"column":3}}],"line":73},"17":{"loc":{"start":{"line":74,"column":7},"end":{"line":180,"column":3}},"type":"if","locations":[{"start":{"line":74,"column":7},"end":{"line":180,"column":3}},{"start":{"line":74,"column":7},"end":{"line":180,"column":3}}],"line":74},"18":{"loc":{"start":{"line":75,"column":7},"end":{"line":180,"column":3}},"type":"if","locations":[{"start":{"line":75,"column":7},"end":{"line":180,"column":3}},{"start":{"line":75,"column":7},"end":{"line":180,"column":3}}],"line":75},"19":{"loc":{"start":{"line":79,"column":7},"end":{"line":180,"column":3}},"type":"if","locations":[{"start":{"line":79,"column":7},"end":{"line":180,"column":3}},{"start":{"line":79,"column":7},"end":{"line":180,"column":3}}],"line":79},"20":{"loc":{"start":{"line":80,"column":66},"end":{"line":80,"column":155}},"type":"binary-expr","locations":[{"start":{"line":80,"column":66},"end":{"line":80,"column":108}},{"start":{"line":80,"column":112},"end":{"line":80,"column":155}}],"line":80},"21":{"loc":{"start":{"line":85,"column":62},"end":{"line":85,"column":132}},"type":"binary-expr","locations":[{"start":{"line":85,"column":62},"end":{"line":85,"column":85}},{"start":{"line":85,"column":89},"end":{"line":85,"column":132}}],"line":85},"22":{"loc":{"start":{"line":88,"column":4},"end":{"line":98,"column":5}},"type":"if","locations":[{"start":{"line":88,"column":4},"end":{"line":98,"column":5}},{"start":{"line":88,"column":4},"end":{"line":98,"column":5}}],"line":88},"23":{"loc":{"start":{"line":88,"column":8},"end":{"line":88,"column":74}},"type":"binary-expr","locations":[{"start":{"line":88,"column":8},"end":{"line":88,"column":37}},{"start":{"line":88,"column":41},"end":{"line":88,"column":74}}],"line":88},"24":{"loc":{"start":{"line":91,"column":9},"end":{"line":98,"column":5}},"type":"if","locations":[{"start":{"line":91,"column":9},"end":{"line":98,"column":5}},{"start":{"line":91,"column":9},"end":{"line":98,"column":5}}],"line":91},"25":{"loc":{"start":{"line":101,"column":7},"end":{"line":180,"column":3}},"type":"if","locations":[{"start":{"line":101,"column":7},"end":{"line":180,"column":3}},{"start":{"line":101,"column":7},"end":{"line":180,"column":3}}],"line":101},"26":{"loc":{"start":{"line":101,"column":11},"end":{"line":101,"column":77}},"type":"binary-expr","locations":[{"start":{"line":101,"column":11},"end":{"line":101,"column":48}},{"start":{"line":101,"column":52},"end":{"line":101,"column":77}}],"line":101},"27":{"loc":{"start":{"line":107,"column":7},"end":{"line":180,"column":3}},"type":"if","locations":[{"start":{"line":107,"column":7},"end":{"line":180,"column":3}},{"start":{"line":107,"column":7},"end":{"line":180,"column":3}}],"line":107},"28":{"loc":{"start":{"line":107,"column":11},"end":{"line":107,"column":87}},"type":"binary-expr","locations":[{"start":{"line":107,"column":11},"end":{"line":107,"column":48}},{"start":{"line":107,"column":52},"end":{"line":107,"column":87}}],"line":107},"29":{"loc":{"start":{"line":108,"column":4},"end":{"line":140,"column":5}},"type":"if","locations":[{"start":{"line":108,"column":4},"end":{"line":140,"column":5}},{"start":{"line":108,"column":4},"end":{"line":140,"column":5}}],"line":108},"30":{"loc":{"start":{"line":108,"column":8},"end":{"line":108,"column":71}},"type":"binary-expr","locations":[{"start":{"line":108,"column":8},"end":{"line":108,"column":43}},{"start":{"line":108,"column":47},"end":{"line":108,"column":71}}],"line":108},"31":{"loc":{"start":{"line":110,"column":6},"end":{"line":115,"column":7}},"type":"if","locations":[{"start":{"line":110,"column":6},"end":{"line":115,"column":7}},{"start":{"line":110,"column":6},"end":{"line":115,"column":7}}],"line":110},"32":{"loc":{"start":{"line":116,"column":6},"end":{"line":124,"column":7}},"type":"if","locations":[{"start":{"line":116,"column":6},"end":{"line":124,"column":7}},{"start":{"line":116,"column":6},"end":{"line":124,"column":7}}],"line":116},"33":{"loc":{"start":{"line":116,"column":10},"end":{"line":119,"column":42}},"type":"binary-expr","locations":[{"start":{"line":116,"column":10},"end":{"line":116,"column":52}},{"start":{"line":117,"column":8},"end":{"line":117,"column":55}},{"start":{"line":118,"column":8},"end":{"line":118,"column":51}},{"start":{"line":119,"column":8},"end":{"line":119,"column":42}}],"line":116},"34":{"loc":{"start":{"line":126,"column":9},"end":{"line":140,"column":5}},"type":"if","locations":[{"start":{"line":126,"column":9},"end":{"line":140,"column":5}},{"start":{"line":126,"column":9},"end":{"line":140,"column":5}}],"line":126},"35":{"loc":{"start":{"line":126,"column":13},"end":{"line":126,"column":67}},"type":"binary-expr","locations":[{"start":{"line":126,"column":13},"end":{"line":126,"column":20}},{"start":{"line":126,"column":24},"end":{"line":126,"column":36}},{"start":{"line":126,"column":40},"end":{"line":126,"column":67}}],"line":126},"36":{"loc":{"start":{"line":129,"column":9},"end":{"line":140,"column":5}},"type":"if","locations":[{"start":{"line":129,"column":9},"end":{"line":140,"column":5}},{"start":{"line":129,"column":9},"end":{"line":140,"column":5}}],"line":129},"37":{"loc":{"start":{"line":129,"column":13},"end":{"line":129,"column":67}},"type":"binary-expr","locations":[{"start":{"line":129,"column":13},"end":{"line":129,"column":20}},{"start":{"line":129,"column":24},"end":{"line":129,"column":36}},{"start":{"line":129,"column":40},"end":{"line":129,"column":67}}],"line":129},"38":{"loc":{"start":{"line":132,"column":9},"end":{"line":140,"column":5}},"type":"if","locations":[{"start":{"line":132,"column":9},"end":{"line":140,"column":5}},{"start":{"line":132,"column":9},"end":{"line":140,"column":5}}],"line":132},"39":{"loc":{"start":{"line":135,"column":9},"end":{"line":140,"column":5}},"type":"if","locations":[{"start":{"line":135,"column":9},"end":{"line":140,"column":5}},{"start":{"line":135,"column":9},"end":{"line":140,"column":5}}],"line":135},"40":{"loc":{"start":{"line":142,"column":7},"end":{"line":180,"column":3}},"type":"if","locations":[{"start":{"line":142,"column":7},"end":{"line":180,"column":3}},{"start":{"line":142,"column":7},"end":{"line":180,"column":3}}],"line":142},"41":{"loc":{"start":{"line":152,"column":4},"end":{"line":171,"column":5}},"type":"if","locations":[{"start":{"line":152,"column":4},"end":{"line":171,"column":5}},{"start":{"line":152,"column":4},"end":{"line":171,"column":5}}],"line":152},"42":{"loc":{"start":{"line":156,"column":9},"end":{"line":171,"column":5}},"type":"if","locations":[{"start":{"line":156,"column":9},"end":{"line":171,"column":5}},{"start":{"line":156,"column":9},"end":{"line":171,"column":5}}],"line":156},"43":{"loc":{"start":{"line":173,"column":7},"end":{"line":180,"column":3}},"type":"if","locations":[{"start":{"line":173,"column":7},"end":{"line":180,"column":3}},{"start":{"line":173,"column":7},"end":{"line":180,"column":3}}],"line":173},"44":{"loc":{"start":{"line":182,"column":2},"end":{"line":187,"column":3}},"type":"if","locations":[{"start":{"line":182,"column":2},"end":{"line":187,"column":3}},{"start":{"line":182,"column":2},"end":{"line":187,"column":3}}],"line":182}},"s":{"0":939,"1":939,"2":152,"3":152,"4":300,"5":300,"6":2,"7":2,"8":298,"9":152,"10":787,"11":298,"12":298,"13":298,"14":298,"15":298,"16":298,"17":489,"18":2,"19":2,"20":1,"21":1,"22":2,"23":2,"24":2,"25":1,"26":1,"27":2,"28":487,"29":1,"30":486,"31":5,"32":481,"33":1,"34":480,"35":1,"36":479,"37":1,"38":478,"39":71,"40":407,"41":120,"42":287,"43":5,"44":282,"45":4,"46":278,"47":1,"48":277,"49":4,"50":4,"51":273,"52":42,"53":110,"54":42,"55":110,"56":42,"57":110,"58":42,"59":110,"60":42,"61":64,"62":42,"63":1,"64":41,"65":12,"66":29,"67":231,"68":1,"69":230,"70":191,"71":6,"72":2,"73":4,"74":6,"75":1,"76":5,"77":185,"78":96,"79":89,"80":68,"81":21,"82":4,"83":17,"84":1,"85":16,"86":39,"87":29,"88":29,"89":67,"90":29,"91":29,"92":1,"93":1,"94":28,"95":59,"96":22,"97":49,"98":6,"99":14,"100":10,"101":10,"102":639,"103":639,"104":0},"f":{"0":939,"1":300,"2":2,"3":1,"4":110,"5":110,"6":110,"7":110,"8":64,"9":67,"10":59,"11":49,"12":14},"b":{"0":[152,787],"1":[2,298],"2":[298,489],"3":[298,0],"4":[298,284],"5":[2,487],"6":[1,1],"7":[1,1],"8":[1,486],"9":[5,481],"10":[1,480],"11":[1,479],"12":[1,478],"13":[71,407],"14":[120,287],"15":[5,282],"16":[4,278],"17":[1,277],"18":[4,273],"19":[42,231],"20":[110,61],"21":[110,66],"22":[1,41],"23":[42,3],"24":[12,29],"25":[1,230],"26":[231,190],"27":[191,39],"28":[230,41],"29":[6,185],"30":[191,189],"31":[2,4],"32":[1,5],"33":[6,2,1,1],"34":[96,89],"35":[185,185,180],"36":[68,21],"37":[89,89,84],"38":[4,17],"39":[1,16],"40":[29,10],"41":[1,28],"42":[22,6],"43":[10,0],"44":[639,0]},"_coverageSchema":"332fd63041d2c1bcb487cc26dd0d5f7d97098a6c","hash":"63e9e066ea67df4c5e4f23123e5e271904db6a52"}
,"/Users/kross/projects/babel-plugin-flow-react-proptypes/src/index.js": {"path":"/Users/kross/projects/babel-plugin-flow-react-proptypes/src/index.js","statementMap":{"0":{"start":{"line":12,"column":20},"end":{"line":12,"column":22}},"1":{"start":{"line":15,"column":20},"end":{"line":15,"column":22}},"2":{"start":{"line":16,"column":15},"end":{"line":16,"column":20}},"3":{"start":{"line":17,"column":24},"end":{"line":17,"column":62}},"4":{"start":{"line":24,"column":31},"end":{"line":28,"column":1}},"5":{"start":{"line":24,"column":39},"end":{"line":28,"column":1}},"6":{"start":{"line":30,"column":34},"end":{"line":46,"column":1}},"7":{"start":{"line":31,"column":14},"end":{"line":31,"column":18}},"8":{"start":{"line":33,"column":2},"end":{"line":43,"column":3}},"9":{"start":{"line":36,"column":4},"end":{"line":36,"column":51}},"10":{"start":{"line":38,"column":7},"end":{"line":43,"column":3}},"11":{"start":{"line":39,"column":4},"end":{"line":39,"column":94}},"12":{"start":{"line":42,"column":4},"end":{"line":42,"column":92}},"13":{"start":{"line":45,"column":2},"end":{"line":45,"column":15}},"14":{"start":{"line":48,"column":40},"end":{"line":61,"column":1}},"15":{"start":{"line":50,"column":21},"end":{"line":50,"column":40}},"16":{"start":{"line":51,"column":25},"end":{"line":53,"column":47}},"17":{"start":{"line":55,"column":2},"end":{"line":58,"column":3}},"18":{"start":{"line":56,"column":4},"end":{"line":56,"column":64}},"19":{"start":{"line":57,"column":4},"end":{"line":57,"column":11}},"20":{"start":{"line":60,"column":2},"end":{"line":60,"column":51}},"21":{"start":{"line":63,"column":0},"end":{"line":326,"column":2}},"22":{"start":{"line":64,"column":12},"end":{"line":64,"column":23}},"23":{"start":{"line":66,"column":37},"end":{"line":78,"column":3}},"24":{"start":{"line":67,"column":4},"end":{"line":70,"column":5}},"25":{"start":{"line":69,"column":6},"end":{"line":69,"column":19}},"26":{"start":{"line":71,"column":4},"end":{"line":73,"column":5}},"27":{"start":{"line":72,"column":6},"end":{"line":72,"column":18}},"28":{"start":{"line":74,"column":4},"end":{"line":76,"column":5}},"29":{"start":{"line":75,"column":6},"end":{"line":75,"column":18}},"30":{"start":{"line":77,"column":4},"end":{"line":77,"column":17}},"31":{"start":{"line":90,"column":19},"end":{"line":121,"column":3}},"32":{"start":{"line":95,"column":4},"end":{"line":103,"column":5}},"33":{"start":{"line":96,"column":6},"end":{"line":96,"column":33}},"34":{"start":{"line":97,"column":23},"end":{"line":97,"column":49}},"35":{"start":{"line":98,"column":6},"end":{"line":98,"column":91}},"36":{"start":{"line":101,"column":6},"end":{"line":101,"column":31}},"37":{"start":{"line":102,"column":6},"end":{"line":102,"column":105}},"38":{"start":{"line":105,"column":4},"end":{"line":107,"column":5}},"39":{"start":{"line":106,"column":6},"end":{"line":106,"column":66}},"40":{"start":{"line":109,"column":25},"end":{"line":109,"column":70}},"41":{"start":{"line":110,"column":4},"end":{"line":112,"column":5}},"42":{"start":{"line":111,"column":6},"end":{"line":111,"column":13}},"43":{"start":{"line":113,"column":31},"end":{"line":119,"column":5}},"44":{"start":{"line":120,"column":4},"end":{"line":120,"column":47}},"45":{"start":{"line":131,"column":26},"end":{"line":139,"column":3}},"46":{"start":{"line":132,"column":4},"end":{"line":134,"column":5}},"47":{"start":{"line":133,"column":6},"end":{"line":133,"column":13}},"48":{"start":{"line":135,"column":18},"end":{"line":135,"column":55}},"49":{"start":{"line":136,"column":4},"end":{"line":138,"column":5}},"50":{"start":{"line":137,"column":6},"end":{"line":137,"column":28}},"51":{"start":{"line":141,"column":2},"end":{"line":325,"column":4}},"52":{"start":{"line":144,"column":8},"end":{"line":144,"column":27}},"53":{"start":{"line":145,"column":8},"end":{"line":145,"column":27}},"54":{"start":{"line":146,"column":8},"end":{"line":146,"column":25}},"55":{"start":{"line":147,"column":27},"end":{"line":147,"column":47}},"56":{"start":{"line":148,"column":8},"end":{"line":153,"column":9}},"57":{"start":{"line":149,"column":28},"end":{"line":149,"column":41}},"58":{"start":{"line":150,"column":10},"end":{"line":152,"column":11}},"59":{"start":{"line":151,"column":12},"end":{"line":151,"column":28}},"60":{"start":{"line":154,"column":8},"end":{"line":160,"column":9}},"61":{"start":{"line":155,"column":10},"end":{"line":159,"column":11}},"62":{"start":{"line":158,"column":12},"end":{"line":158,"column":46}},"63":{"start":{"line":163,"column":8},"end":{"line":163,"column":29}},"64":{"start":{"line":163,"column":22},"end":{"line":163,"column":29}},"65":{"start":{"line":164,"column":8},"end":{"line":164,"column":34}},"66":{"start":{"line":165,"column":24},"end":{"line":165,"column":33}},"67":{"start":{"line":167,"column":30},"end":{"line":167,"column":47}},"68":{"start":{"line":168,"column":8},"end":{"line":170,"column":9}},"69":{"start":{"line":169,"column":10},"end":{"line":169,"column":62}},"70":{"start":{"line":172,"column":26},"end":{"line":172,"column":55}},"71":{"start":{"line":173,"column":8},"end":{"line":173,"column":49}},"72":{"start":{"line":176,"column":8},"end":{"line":176,"column":29}},"73":{"start":{"line":176,"column":22},"end":{"line":176,"column":29}},"74":{"start":{"line":177,"column":29},"end":{"line":177,"column":38}},"75":{"start":{"line":180,"column":38},"end":{"line":182,"column":101}},"76":{"start":{"line":183,"column":33},"end":{"line":185,"column":108}},"77":{"start":{"line":186,"column":8},"end":{"line":189,"column":9}},"78":{"start":{"line":187,"column":10},"end":{"line":187,"column":76}},"79":{"start":{"line":188,"column":10},"end":{"line":188,"column":17}},"80":{"start":{"line":192,"column":8},"end":{"line":197,"column":11}},"81":{"start":{"line":193,"column":10},"end":{"line":196,"column":11}},"82":{"start":{"line":194,"column":26},"end":{"line":194,"column":91}},"83":{"start":{"line":195,"column":12},"end":{"line":195,"column":41}},"84":{"start":{"line":200,"column":33},"end":{"line":200,"column":105}},"85":{"start":{"line":201,"column":8},"end":{"line":205,"column":9}},"86":{"start":{"line":202,"column":32},"end":{"line":202,"column":56}},"87":{"start":{"line":203,"column":24},"end":{"line":203,"column":52}},"88":{"start":{"line":204,"column":10},"end":{"line":204,"column":39}},"89":{"start":{"line":209,"column":8},"end":{"line":209,"column":29}},"90":{"start":{"line":209,"column":22},"end":{"line":209,"column":29}},"91":{"start":{"line":210,"column":8},"end":{"line":210,"column":37}},"92":{"start":{"line":214,"column":8},"end":{"line":214,"column":29}},"93":{"start":{"line":214,"column":22},"end":{"line":214,"column":29}},"94":{"start":{"line":215,"column":8},"end":{"line":215,"column":37}},"95":{"start":{"line":219,"column":8},"end":{"line":219,"column":29}},"96":{"start":{"line":219,"column":22},"end":{"line":219,"column":29}},"97":{"start":{"line":220,"column":8},"end":{"line":220,"column":37}},"98":{"start":{"line":234,"column":8},"end":{"line":234,"column":29}},"99":{"start":{"line":234,"column":22},"end":{"line":234,"column":29}},"100":{"start":{"line":235,"column":23},"end":{"line":235,"column":27}},"101":{"start":{"line":238,"column":8},"end":{"line":240,"column":9}},"102":{"start":{"line":239,"column":10},"end":{"line":239,"column":17}},"103":{"start":{"line":242,"column":34},"end":{"line":242,"column":56}},"104":{"start":{"line":244,"column":21},"end":{"line":244,"column":45}},"105":{"start":{"line":245,"column":26},"end":{"line":245,"column":67}},"106":{"start":{"line":246,"column":8},"end":{"line":246,"column":40}},"107":{"start":{"line":248,"column":29},"end":{"line":248,"column":65}},"108":{"start":{"line":250,"column":26},"end":{"line":257,"column":10}},"109":{"start":{"line":258,"column":38},"end":{"line":268,"column":9}},"110":{"start":{"line":269,"column":8},"end":{"line":269,"column":48}},"111":{"start":{"line":272,"column":8},"end":{"line":272,"column":29}},"112":{"start":{"line":272,"column":22},"end":{"line":272,"column":29}},"113":{"start":{"line":273,"column":23},"end":{"line":273,"column":27}},"114":{"start":{"line":279,"column":8},"end":{"line":322,"column":9}},"115":{"start":{"line":280,"column":10},"end":{"line":321,"column":13}},"116":{"start":{"line":281,"column":29},"end":{"line":283,"column":39}},"117":{"start":{"line":293,"column":12},"end":{"line":293,"column":69}},"118":{"start":{"line":294,"column":43},"end":{"line":319,"column":13}},"119":{"start":{"line":320,"column":12},"end":{"line":320,"column":53}}},"fnMap":{"0":{"name":"(anonymous_0)","decl":{"start":{"line":24,"column":31},"end":{"line":24,"column":32}},"loc":{"start":{"line":24,"column":39},"end":{"line":28,"column":1}},"line":24},"1":{"name":"(anonymous_1)","decl":{"start":{"line":30,"column":34},"end":{"line":30,"column":35}},"loc":{"start":{"line":30,"column":52},"end":{"line":46,"column":1}},"line":30},"2":{"name":"(anonymous_2)","decl":{"start":{"line":48,"column":40},"end":{"line":48,"column":41}},"loc":{"start":{"line":48,"column":48},"end":{"line":61,"column":1}},"line":48},"3":{"name":"flowReactPropTypes","decl":{"start":{"line":63,"column":26},"end":{"line":63,"column":44}},"loc":{"start":{"line":63,"column":52},"end":{"line":326,"column":1}},"line":63},"4":{"name":"(anonymous_4)","decl":{"start":{"line":66,"column":37},"end":{"line":66,"column":38}},"loc":{"start":{"line":66,"column":45},"end":{"line":78,"column":3}},"line":66},"5":{"name":"(anonymous_5)","decl":{"start":{"line":90,"column":19},"end":{"line":90,"column":20}},"loc":{"start":{"line":90,"column":36},"end":{"line":121,"column":3}},"line":90},"6":{"name":"(anonymous_6)","decl":{"start":{"line":131,"column":26},"end":{"line":131,"column":27}},"loc":{"start":{"line":131,"column":34},"end":{"line":139,"column":3}},"line":131},"7":{"name":"(anonymous_7)","decl":{"start":{"line":192,"column":36},"end":{"line":192,"column":37}},"loc":{"start":{"line":192,"column":48},"end":{"line":197,"column":9}},"line":192},"8":{"name":"(anonymous_8)","decl":{"start":{"line":280,"column":34},"end":{"line":280,"column":35}},"loc":{"start":{"line":280,"column":49},"end":{"line":321,"column":11}},"line":280}},"branchMap":{"0":{"loc":{"start":{"line":33,"column":2},"end":{"line":43,"column":3}},"type":"if","locations":[{"start":{"line":33,"column":2},"end":{"line":43,"column":3}},{"start":{"line":33,"column":2},"end":{"line":43,"column":3}}],"line":33},"1":{"loc":{"start":{"line":33,"column":6},"end":{"line":35,"column":52}},"type":"binary-expr","locations":[{"start":{"line":33,"column":6},"end":{"line":33,"column":31}},{"start":{"line":33,"column":35},"end":{"line":33,"column":82}},{"start":{"line":34,"column":9},"end":{"line":34,"column":61}},{"start":{"line":35,"column":9},"end":{"line":35,"column":52}}],"line":33},"2":{"loc":{"start":{"line":38,"column":7},"end":{"line":43,"column":3}},"type":"if","locations":[{"start":{"line":38,"column":7},"end":{"line":43,"column":3}},{"start":{"line":38,"column":7},"end":{"line":43,"column":3}}],"line":38},"3":{"loc":{"start":{"line":38,"column":11},"end":{"line":38,"column":75}},"type":"binary-expr","locations":[{"start":{"line":38,"column":11},"end":{"line":38,"column":44}},{"start":{"line":38,"column":48},"end":{"line":38,"column":75}}],"line":38},"4":{"loc":{"start":{"line":51,"column":25},"end":{"line":53,"column":47}},"type":"binary-expr","locations":[{"start":{"line":51,"column":25},"end":{"line":51,"column":35}},{"start":{"line":52,"column":7},"end":{"line":52,"column":32}},{"start":{"line":53,"column":7},"end":{"line":53,"column":47}}],"line":51},"5":{"loc":{"start":{"line":55,"column":2},"end":{"line":58,"column":3}},"type":"if","locations":[{"start":{"line":55,"column":2},"end":{"line":58,"column":3}},{"start":{"line":55,"column":2},"end":{"line":58,"column":3}}],"line":55},"6":{"loc":{"start":{"line":67,"column":4},"end":{"line":70,"column":5}},"type":"if","locations":[{"start":{"line":67,"column":4},"end":{"line":70,"column":5}},{"start":{"line":67,"column":4},"end":{"line":70,"column":5}}],"line":67},"7":{"loc":{"start":{"line":67,"column":8},"end":{"line":67,"column":106}},"type":"binary-expr","locations":[{"start":{"line":67,"column":9},"end":{"line":67,"column":48}},{"start":{"line":67,"column":52},"end":{"line":67,"column":86}},{"start":{"line":67,"column":91},"end":{"line":67,"column":106}}],"line":67},"8":{"loc":{"start":{"line":71,"column":4},"end":{"line":73,"column":5}},"type":"if","locations":[{"start":{"line":71,"column":4},"end":{"line":73,"column":5}},{"start":{"line":71,"column":4},"end":{"line":73,"column":5}}],"line":71},"9":{"loc":{"start":{"line":74,"column":4},"end":{"line":76,"column":5}},"type":"if","locations":[{"start":{"line":74,"column":4},"end":{"line":76,"column":5}},{"start":{"line":74,"column":4},"end":{"line":76,"column":5}}],"line":74},"10":{"loc":{"start":{"line":95,"column":4},"end":{"line":103,"column":5}},"type":"if","locations":[{"start":{"line":95,"column":4},"end":{"line":103,"column":5}},{"start":{"line":95,"column":4},"end":{"line":103,"column":5}}],"line":95},"11":{"loc":{"start":{"line":95,"column":8},"end":{"line":95,"column":85}},"type":"binary-expr","locations":[{"start":{"line":95,"column":8},"end":{"line":95,"column":47}},{"start":{"line":95,"column":51},"end":{"line":95,"column":85}}],"line":95},"12":{"loc":{"start":{"line":98,"column":19},"end":{"line":98,"column":90}},"type":"cond-expr","locations":[{"start":{"line":98,"column":60},"end":{"line":98,"column":79}},{"start":{"line":98,"column":82},"end":{"line":98,"column":90}}],"line":98},"13":{"loc":{"start":{"line":102,"column":19},"end":{"line":102,"column":104}},"type":"cond-expr","locations":[{"start":{"line":102,"column":82},"end":{"line":102,"column":86}},{"start":{"line":102,"column":89},"end":{"line":102,"column":104}}],"line":102},"14":{"loc":{"start":{"line":105,"column":4},"end":{"line":107,"column":5}},"type":"if","locations":[{"start":{"line":105,"column":4},"end":{"line":107,"column":5}},{"start":{"line":105,"column":4},"end":{"line":107,"column":5}}],"line":105},"15":{"loc":{"start":{"line":110,"column":4},"end":{"line":112,"column":5}},"type":"if","locations":[{"start":{"line":110,"column":4},"end":{"line":112,"column":5}},{"start":{"line":110,"column":4},"end":{"line":112,"column":5}}],"line":110},"16":{"loc":{"start":{"line":132,"column":4},"end":{"line":134,"column":5}},"type":"if","locations":[{"start":{"line":132,"column":4},"end":{"line":134,"column":5}},{"start":{"line":132,"column":4},"end":{"line":134,"column":5}}],"line":132},"17":{"loc":{"start":{"line":136,"column":4},"end":{"line":138,"column":5}},"type":"if","locations":[{"start":{"line":136,"column":4},"end":{"line":138,"column":5}},{"start":{"line":136,"column":4},"end":{"line":138,"column":5}}],"line":136},"18":{"loc":{"start":{"line":148,"column":8},"end":{"line":153,"column":9}},"type":"if","locations":[{"start":{"line":148,"column":8},"end":{"line":153,"column":9}},{"start":{"line":148,"column":8},"end":{"line":153,"column":9}}],"line":148},"19":{"loc":{"start":{"line":148,"column":11},"end":{"line":148,"column":42}},"type":"binary-expr","locations":[{"start":{"line":148,"column":11},"end":{"line":148,"column":21}},{"start":{"line":148,"column":25},"end":{"line":148,"column":42}}],"line":148},"20":{"loc":{"start":{"line":150,"column":10},"end":{"line":152,"column":11}},"type":"if","locations":[{"start":{"line":150,"column":10},"end":{"line":152,"column":11}},{"start":{"line":150,"column":10},"end":{"line":152,"column":11}}],"line":150},"21":{"loc":{"start":{"line":150,"column":14},"end":{"line":150,"column":73}},"type":"binary-expr","locations":[{"start":{"line":150,"column":14},"end":{"line":150,"column":29}},{"start":{"line":150,"column":33},"end":{"line":150,"column":73}}],"line":150},"22":{"loc":{"start":{"line":154,"column":8},"end":{"line":160,"column":9}},"type":"if","locations":[{"start":{"line":154,"column":8},"end":{"line":160,"column":9}},{"start":{"line":154,"column":8},"end":{"line":160,"column":9}}],"line":154},"23":{"loc":{"start":{"line":154,"column":12},"end":{"line":154,"column":66}},"type":"binary-expr","locations":[{"start":{"line":154,"column":12},"end":{"line":154,"column":21}},{"start":{"line":154,"column":25},"end":{"line":154,"column":39}},{"start":{"line":154,"column":43},"end":{"line":154,"column":66}}],"line":154},"24":{"loc":{"start":{"line":155,"column":10},"end":{"line":159,"column":11}},"type":"if","locations":[{"start":{"line":155,"column":10},"end":{"line":159,"column":11}},{"start":{"line":155,"column":10},"end":{"line":159,"column":11}}],"line":155},"25":{"loc":{"start":{"line":163,"column":8},"end":{"line":163,"column":29}},"type":"if","locations":[{"start":{"line":163,"column":8},"end":{"line":163,"column":29}},{"start":{"line":163,"column":8},"end":{"line":163,"column":29}}],"line":163},"26":{"loc":{"start":{"line":168,"column":8},"end":{"line":170,"column":9}},"type":"if","locations":[{"start":{"line":168,"column":8},"end":{"line":170,"column":9}},{"start":{"line":168,"column":8},"end":{"line":170,"column":9}}],"line":168},"27":{"loc":{"start":{"line":176,"column":8},"end":{"line":176,"column":29}},"type":"if","locations":[{"start":{"line":176,"column":8},"end":{"line":176,"column":29}},{"start":{"line":176,"column":8},"end":{"line":176,"column":29}}],"line":176},"28":{"loc":{"start":{"line":180,"column":38},"end":{"line":182,"column":101}},"type":"binary-expr","locations":[{"start":{"line":180,"column":38},"end":{"line":180,"column":48}},{"start":{"line":180,"column":52},"end":{"line":180,"column":90}},{"start":{"line":181,"column":11},"end":{"line":181,"column":45}},{"start":{"line":182,"column":12},"end":{"line":182,"column":52}},{"start":{"line":182,"column":56},"end":{"line":182,"column":100}}],"line":180},"29":{"loc":{"start":{"line":183,"column":33},"end":{"line":185,"column":108}},"type":"binary-expr","locations":[{"start":{"line":183,"column":33},"end":{"line":183,"column":43}},{"start":{"line":184,"column":36},"end":{"line":184,"column":68}},{"start":{"line":185,"column":37},"end":{"line":185,"column":68}},{"start":{"line":185,"column":72},"end":{"line":185,"column":107}}],"line":183},"30":{"loc":{"start":{"line":186,"column":8},"end":{"line":189,"column":9}},"type":"if","locations":[{"start":{"line":186,"column":8},"end":{"line":189,"column":9}},{"start":{"line":186,"column":8},"end":{"line":189,"column":9}}],"line":186},"31":{"loc":{"start":{"line":186,"column":12},"end":{"line":186,"column":55}},"type":"binary-expr","locations":[{"start":{"line":186,"column":12},"end":{"line":186,"column":34}},{"start":{"line":186,"column":38},"end":{"line":186,"column":55}}],"line":186},"32":{"loc":{"start":{"line":193,"column":10},"end":{"line":196,"column":11}},"type":"if","locations":[{"start":{"line":193,"column":10},"end":{"line":196,"column":11}},{"start":{"line":193,"column":10},"end":{"line":196,"column":11}}],"line":193},"33":{"loc":{"start":{"line":193,"column":14},"end":{"line":193,"column":82}},"type":"binary-expr","locations":[{"start":{"line":193,"column":14},"end":{"line":193,"column":22}},{"start":{"line":193,"column":26},"end":{"line":193,"column":55}},{"start":{"line":193,"column":59},"end":{"line":193,"column":82}}],"line":193},"34":{"loc":{"start":{"line":200,"column":33},"end":{"line":200,"column":105}},"type":"binary-expr","locations":[{"start":{"line":200,"column":33},"end":{"line":200,"column":62}},{"start":{"line":200,"column":66},"end":{"line":200,"column":105}}],"line":200},"35":{"loc":{"start":{"line":201,"column":8},"end":{"line":205,"column":9}},"type":"if","locations":[{"start":{"line":201,"column":8},"end":{"line":205,"column":9}},{"start":{"line":201,"column":8},"end":{"line":205,"column":9}}],"line":201},"36":{"loc":{"start":{"line":201,"column":12},"end":{"line":201,"column":81}},"type":"binary-expr","locations":[{"start":{"line":201,"column":12},"end":{"line":201,"column":28}},{"start":{"line":201,"column":32},"end":{"line":201,"column":81}}],"line":201},"37":{"loc":{"start":{"line":209,"column":8},"end":{"line":209,"column":29}},"type":"if","locations":[{"start":{"line":209,"column":8},"end":{"line":209,"column":29}},{"start":{"line":209,"column":8},"end":{"line":209,"column":29}}],"line":209},"38":{"loc":{"start":{"line":214,"column":8},"end":{"line":214,"column":29}},"type":"if","locations":[{"start":{"line":214,"column":8},"end":{"line":214,"column":29}},{"start":{"line":214,"column":8},"end":{"line":214,"column":29}}],"line":214},"39":{"loc":{"start":{"line":219,"column":8},"end":{"line":219,"column":29}},"type":"if","locations":[{"start":{"line":219,"column":8},"end":{"line":219,"column":29}},{"start":{"line":219,"column":8},"end":{"line":219,"column":29}}],"line":219},"40":{"loc":{"start":{"line":234,"column":8},"end":{"line":234,"column":29}},"type":"if","locations":[{"start":{"line":234,"column":8},"end":{"line":234,"column":29}},{"start":{"line":234,"column":8},"end":{"line":234,"column":29}}],"line":234},"41":{"loc":{"start":{"line":238,"column":8},"end":{"line":240,"column":9}},"type":"if","locations":[{"start":{"line":238,"column":8},"end":{"line":240,"column":9}},{"start":{"line":238,"column":8},"end":{"line":240,"column":9}}],"line":238},"42":{"loc":{"start":{"line":238,"column":12},"end":{"line":238,"column":70}},"type":"binary-expr","locations":[{"start":{"line":238,"column":12},"end":{"line":238,"column":29}},{"start":{"line":238,"column":33},"end":{"line":238,"column":70}}],"line":238},"43":{"loc":{"start":{"line":272,"column":8},"end":{"line":272,"column":29}},"type":"if","locations":[{"start":{"line":272,"column":8},"end":{"line":272,"column":29}},{"start":{"line":272,"column":8},"end":{"line":272,"column":29}}],"line":272},"44":{"loc":{"start":{"line":279,"column":8},"end":{"line":322,"column":9}},"type":"if","locations":[{"start":{"line":279,"column":8},"end":{"line":322,"column":9}},{"start":{"line":279,"column":8},"end":{"line":322,"column":9}}],"line":279},"45":{"loc":{"start":{"line":281,"column":29},"end":{"line":283,"column":39}},"type":"cond-expr","locations":[{"start":{"line":282,"column":16},"end":{"line":282,"column":36}},{"start":{"line":283,"column":16},"end":{"line":283,"column":39}}],"line":281}},"s":{"0":72,"1":72,"2":72,"3":72,"4":72,"5":204,"6":72,"7":74,"8":74,"9":73,"10":1,"11":1,"12":0,"13":74,"14":72,"15":22,"16":22,"17":22,"18":0,"19":0,"20":22,"21":72,"22":72,"23":72,"24":407,"25":128,"26":279,"27":3,"28":276,"29":19,"30":257,"31":72,"32":74,"33":16,"34":16,"35":16,"36":58,"37":58,"38":74,"39":0,"40":74,"41":74,"42":2,"43":72,"44":72,"45":72,"46":407,"47":385,"48":22,"49":22,"50":21,"51":72,"52":89,"53":89,"54":89,"55":89,"56":89,"57":1,"58":1,"59":1,"60":89,"61":89,"62":0,"63":58,"64":1,"65":57,"66":57,"67":57,"68":57,"69":0,"70":57,"71":57,"72":56,"73":1,"74":55,"75":55,"76":55,"77":55,"78":1,"79":1,"80":54,"81":74,"82":52,"83":52,"84":54,"85":54,"86":1,"87":1,"88":1,"89":124,"90":1,"91":123,"92":262,"93":4,"94":258,"95":26,"96":0,"97":26,"98":85,"99":0,"100":85,"101":85,"102":11,"103":74,"104":74,"105":74,"106":74,"107":74,"108":74,"109":74,"110":74,"111":65,"112":0,"113":65,"114":65,"115":30,"116":44,"117":44,"118":44,"119":44},"f":{"0":204,"1":74,"2":22,"3":72,"4":407,"5":74,"6":407,"7":74,"8":44},"b":{"0":[73,1],"1":[74,67,10,2],"2":[1,0],"3":[1,1],"4":[22,22,22],"5":[0,22],"6":[128,279],"7":[407,381,149],"8":[3,276],"9":[19,257],"10":[16,58],"11":[74,60],"12":[2,14],"13":[53,5],"14":[0,74],"15":[2,72],"16":[385,22],"17":[21,1],"18":[1,88],"19":[89,89],"20":[1,0],"21":[1,1],"22":[89,0],"23":[89,89,89],"24":[0,89],"25":[1,57],"26":[0,57],"27":[1,55],"28":[55,54,50,50,2],"29":[55,54,4,0],"30":[1,54],"31":[55,5],"32":[52,22],"33":[74,74,52],"34":[54,1],"35":[1,53],"36":[54,1],"37":[1,123],"38":[4,258],"39":[0,26],"40":[0,85],"41":[11,74],"42":[85,77],"43":[0,65],"44":[30,35],"45":[5,39]},"_coverageSchema":"332fd63041d2c1bcb487cc26dd0d5f7d97098a6c","hash":"82aa5e1a1fff587b1446abc99b3076a99b893f8d"}
,"/Users/kross/projects/babel-plugin-flow-react-proptypes/src/makePropTypesAst.js": {"path":"/Users/kross/projects/babel-plugin-flow-react-proptypes/src/makePropTypesAst.js","statementMap":{"0":{"start":{"line":5,"column":30},"end":{"line":5,"column":34}},"1":{"start":{"line":7,"column":24},"end":{"line":11,"column":2}},"2":{"start":{"line":13,"column":22},"end":{"line":26,"column":2}},"3":{"start":{"line":41,"column":2},"end":{"line":51,"column":3}},"4":{"start":{"line":44,"column":4},"end":{"line":44,"column":68}},"5":{"start":{"line":46,"column":7},"end":{"line":51,"column":3}},"6":{"start":{"line":47,"column":4},"end":{"line":47,"column":47}},"7":{"start":{"line":49,"column":7},"end":{"line":51,"column":3}},"8":{"start":{"line":50,"column":4},"end":{"line":50,"column":45}},"9":{"start":{"line":70,"column":12},"end":{"line":70,"column":64}},"10":{"start":{"line":71,"column":2},"end":{"line":74,"column":3}},"11":{"start":{"line":72,"column":4},"end":{"line":72,"column":53}},"12":{"start":{"line":73,"column":4},"end":{"line":73,"column":37}},"13":{"start":{"line":75,"column":2},"end":{"line":75,"column":13}},"14":{"start":{"line":80,"column":21},"end":{"line":80,"column":45}},"15":{"start":{"line":81,"column":18},"end":{"line":81,"column":69}},"16":{"start":{"line":82,"column":2},"end":{"line":82,"column":17}},"17":{"start":{"line":86,"column":23},"end":{"line":86,"column":55}},"18":{"start":{"line":91,"column":18},"end":{"line":91,"column":38}},"19":{"start":{"line":92,"column":25},"end":{"line":92,"column":75}},"20":{"start":{"line":93,"column":2},"end":{"line":93,"column":99}},"21":{"start":{"line":94,"column":2},"end":{"line":94,"column":24}},"22":{"start":{"line":130,"column":26},"end":{"line":130,"column":28}},"23":{"start":{"line":131,"column":2},"end":{"line":144,"column":5}},"24":{"start":{"line":132,"column":4},"end":{"line":143,"column":5}},"25":{"start":{"line":133,"column":6},"end":{"line":133,"column":62}},"26":{"start":{"line":136,"column":9},"end":{"line":143,"column":5}},"27":{"start":{"line":137,"column":6},"end":{"line":137,"column":64}},"28":{"start":{"line":139,"column":9},"end":{"line":143,"column":5}},"29":{"start":{"line":142,"column":6},"end":{"line":142,"column":85}},"30":{"start":{"line":145,"column":23},"end":{"line":149,"column":49}},"31":{"start":{"line":150,"column":2},"end":{"line":150,"column":22}},"32":{"start":{"line":160,"column":23},"end":{"line":160,"column":79}},"33":{"start":{"line":161,"column":2},"end":{"line":167,"column":4}},"34":{"start":{"line":174,"column":25},"end":{"line":179,"column":4}},"35":{"start":{"line":175,"column":4},"end":{"line":178,"column":6}},"36":{"start":{"line":180,"column":2},"end":{"line":180,"column":44}},"37":{"start":{"line":184,"column":2},"end":{"line":190,"column":3}},"38":{"start":{"line":185,"column":4},"end":{"line":185,"column":82}},"39":{"start":{"line":188,"column":22},"end":{"line":188,"column":87}},"40":{"start":{"line":189,"column":4},"end":{"line":189,"column":68}},"41":{"start":{"line":193,"column":2},"end":{"line":193,"column":107}},"42":{"start":{"line":197,"column":2},"end":{"line":197,"column":65}},"43":{"start":{"line":201,"column":2},"end":{"line":201,"column":62}},"44":{"start":{"line":205,"column":24},"end":{"line":205,"column":61}},"45":{"start":{"line":208,"column":2},"end":{"line":216,"column":3}},"46":{"start":{"line":209,"column":4},"end":{"line":209,"column":82}},"47":{"start":{"line":211,"column":7},"end":{"line":216,"column":3}},"48":{"start":{"line":212,"column":4},"end":{"line":212,"column":49}},"49":{"start":{"line":215,"column":4},"end":{"line":215,"column":84}},"50":{"start":{"line":217,"column":22},"end":{"line":217,"column":67}},"51":{"start":{"line":219,"column":27},"end":{"line":219,"column":69}},"52":{"start":{"line":221,"column":2},"end":{"line":221,"column":111}},"53":{"start":{"line":246,"column":17},"end":{"line":246,"column":26}},"54":{"start":{"line":248,"column":2},"end":{"line":251,"column":3}},"55":{"start":{"line":249,"column":4},"end":{"line":249,"column":49}},"56":{"start":{"line":250,"column":4},"end":{"line":250,"column":47}},"57":{"start":{"line":253,"column":13},"end":{"line":253,"column":37}},"58":{"start":{"line":254,"column":37},"end":{"line":254,"column":41}},"59":{"start":{"line":256,"column":2},"end":{"line":357,"column":3}},"60":{"start":{"line":258,"column":4},"end":{"line":258,"column":58}},"61":{"start":{"line":260,"column":7},"end":{"line":357,"column":3}},"62":{"start":{"line":261,"column":4},"end":{"line":261,"column":41}},"63":{"start":{"line":265,"column":25},"end":{"line":265,"column":49}},"64":{"start":{"line":266,"column":20},"end":{"line":272,"column":5}},"65":{"start":{"line":273,"column":4},"end":{"line":275,"column":5}},"66":{"start":{"line":274,"column":6},"end":{"line":274,"column":48}},"67":{"start":{"line":276,"column":30},"end":{"line":276,"column":64}},"68":{"start":{"line":277,"column":4},"end":{"line":277,"column":79}},"69":{"start":{"line":279,"column":7},"end":{"line":357,"column":3}},"70":{"start":{"line":280,"column":34},"end":{"line":282,"column":6}},"71":{"start":{"line":281,"column":6},"end":{"line":281,"column":70}},"72":{"start":{"line":283,"column":4},"end":{"line":292,"column":5}},"73":{"start":{"line":284,"column":6},"end":{"line":291,"column":8}},"74":{"start":{"line":288,"column":73},"end":{"line":288,"column":132}},"75":{"start":{"line":293,"column":34},"end":{"line":293,"column":75}},"76":{"start":{"line":294,"column":4},"end":{"line":297,"column":6}},"77":{"start":{"line":299,"column":7},"end":{"line":357,"column":3}},"78":{"start":{"line":301,"column":4},"end":{"line":301,"column":54}},"79":{"start":{"line":303,"column":7},"end":{"line":357,"column":3}},"80":{"start":{"line":304,"column":4},"end":{"line":307,"column":6}},"81":{"start":{"line":309,"column":7},"end":{"line":357,"column":3}},"82":{"start":{"line":310,"column":4},"end":{"line":313,"column":6}},"83":{"start":{"line":315,"column":7},"end":{"line":357,"column":3}},"84":{"start":{"line":316,"column":4},"end":{"line":319,"column":6}},"85":{"start":{"line":321,"column":7},"end":{"line":357,"column":3}},"86":{"start":{"line":322,"column":4},"end":{"line":322,"column":41}},"87":{"start":{"line":323,"column":4},"end":{"line":323,"column":40}},"88":{"start":{"line":325,"column":7},"end":{"line":357,"column":3}},"89":{"start":{"line":326,"column":4},"end":{"line":326,"column":41}},"90":{"start":{"line":328,"column":4},"end":{"line":336,"column":5}},"91":{"start":{"line":329,"column":6},"end":{"line":329,"column":48}},"92":{"start":{"line":331,"column":9},"end":{"line":336,"column":5}},"93":{"start":{"line":332,"column":6},"end":{"line":332,"column":81}},"94":{"start":{"line":335,"column":6},"end":{"line":335,"column":83}},"95":{"start":{"line":337,"column":25},"end":{"line":340,"column":5}},"96":{"start":{"line":341,"column":18},"end":{"line":341,"column":38}},"97":{"start":{"line":342,"column":4},"end":{"line":345,"column":5}},"98":{"start":{"line":343,"column":6},"end":{"line":343,"column":58}},"99":{"start":{"line":344,"column":6},"end":{"line":344,"column":44}},"100":{"start":{"line":346,"column":30},"end":{"line":346,"column":61}},"101":{"start":{"line":347,"column":4},"end":{"line":347,"column":79}},"102":{"start":{"line":353,"column":20},"end":{"line":353,"column":49}},"103":{"start":{"line":354,"column":4},"end":{"line":354,"column":38}},"104":{"start":{"line":355,"column":4},"end":{"line":356,"column":87}},"105":{"start":{"line":359,"column":2},"end":{"line":361,"column":3}},"106":{"start":{"line":360,"column":4},"end":{"line":360,"column":36}},"107":{"start":{"line":363,"column":2},"end":{"line":363,"column":14}}},"fnMap":{"0":{"name":"makePropTypesAstForPropTypesAssignment","decl":{"start":{"line":40,"column":16},"end":{"line":40,"column":54}},"loc":{"start":{"line":40,"column":69},"end":{"line":52,"column":1}},"line":40},"1":{"name":"makePropTypesAstForExport","decl":{"start":{"line":69,"column":16},"end":{"line":69,"column":41}},"loc":{"start":{"line":69,"column":56},"end":{"line":76,"column":1}},"line":69},"2":{"name":"makeAnyPropTypeAST","decl":{"start":{"line":79,"column":9},"end":{"line":79,"column":27}},"loc":{"start":{"line":79,"column":30},"end":{"line":83,"column":1}},"line":79},"3":{"name":"makeObjectAstForRaw","decl":{"start":{"line":85,"column":9},"end":{"line":85,"column":28}},"loc":{"start":{"line":85,"column":60},"end":{"line":95,"column":1}},"line":85},"4":{"name":"makeObjectMergeAstForShapeIntersectRuntime","decl":{"start":{"line":129,"column":9},"end":{"line":129,"column":51}},"loc":{"start":{"line":129,"column":66},"end":{"line":151,"column":1}},"line":129},"5":{"name":"(anonymous_5)","decl":{"start":{"line":131,"column":34},"end":{"line":131,"column":35}},"loc":{"start":{"line":131,"column":50},"end":{"line":144,"column":3}},"line":131},"6":{"name":"makeShapeAstForShapeIntersectRuntime","decl":{"start":{"line":159,"column":9},"end":{"line":159,"column":45}},"loc":{"start":{"line":159,"column":60},"end":{"line":168,"column":1}},"line":159},"7":{"name":"makeObjectAstForShape","decl":{"start":{"line":170,"column":9},"end":{"line":170,"column":30}},"loc":{"start":{"line":170,"column":45},"end":{"line":181,"column":1}},"line":170},"8":{"name":"(anonymous_8)","decl":{"start":{"line":174,"column":53},"end":{"line":174,"column":54}},"loc":{"start":{"line":174,"column":71},"end":{"line":179,"column":3}},"line":174},"9":{"name":"makePropTypeImportNode","decl":{"start":{"line":183,"column":9},"end":{"line":183,"column":31}},"loc":{"start":{"line":183,"column":34},"end":{"line":191,"column":1}},"line":183},"10":{"name":"makeFunctionCheckAST","decl":{"start":{"line":192,"column":9},"end":{"line":192,"column":29}},"loc":{"start":{"line":192,"column":44},"end":{"line":194,"column":1}},"line":192},"11":{"name":"makeNullCheckAST","decl":{"start":{"line":196,"column":9},"end":{"line":196,"column":25}},"loc":{"start":{"line":196,"column":40},"end":{"line":198,"column":1}},"line":196},"12":{"name":"markNodeAsRequired","decl":{"start":{"line":200,"column":9},"end":{"line":200,"column":27}},"loc":{"start":{"line":200,"column":34},"end":{"line":202,"column":1}},"line":200},"13":{"name":"processQualifiedTypeIdentifierIntoMemberExpression","decl":{"start":{"line":204,"column":9},"end":{"line":204,"column":59}},"loc":{"start":{"line":204,"column":85},"end":{"line":223,"column":1}},"line":204},"14":{"name":"makePropType","decl":{"start":{"line":244,"column":9},"end":{"line":244,"column":21}},"loc":{"start":{"line":244,"column":37},"end":{"line":364,"column":1}},"line":244},"15":{"name":"(anonymous_15)","decl":{"start":{"line":280,"column":54},"end":{"line":280,"column":55}},"loc":{"start":{"line":280,"column":72},"end":{"line":282,"column":5}},"line":280},"16":{"name":"(anonymous_16)","decl":{"start":{"line":288,"column":62},"end":{"line":288,"column":63}},"loc":{"start":{"line":288,"column":73},"end":{"line":288,"column":132}},"line":288}},"branchMap":{"0":{"loc":{"start":{"line":41,"column":2},"end":{"line":51,"column":3}},"type":"if","locations":[{"start":{"line":41,"column":2},"end":{"line":51,"column":3}},{"start":{"line":41,"column":2},"end":{"line":51,"column":3}}],"line":41},"1":{"loc":{"start":{"line":46,"column":7},"end":{"line":51,"column":3}},"type":"if","locations":[{"start":{"line":46,"column":7},"end":{"line":51,"column":3}},{"start":{"line":46,"column":7},"end":{"line":51,"column":3}}],"line":46},"2":{"loc":{"start":{"line":49,"column":7},"end":{"line":51,"column":3}},"type":"if","locations":[{"start":{"line":49,"column":7},"end":{"line":51,"column":3}},{"start":{"line":49,"column":7},"end":{"line":51,"column":3}}],"line":49},"3":{"loc":{"start":{"line":71,"column":2},"end":{"line":74,"column":3}},"type":"if","locations":[{"start":{"line":71,"column":2},"end":{"line":74,"column":3}},{"start":{"line":71,"column":2},"end":{"line":74,"column":3}}],"line":71},"4":{"loc":{"start":{"line":132,"column":4},"end":{"line":143,"column":5}},"type":"if","locations":[{"start":{"line":132,"column":4},"end":{"line":143,"column":5}},{"start":{"line":132,"column":4},"end":{"line":143,"column":5}}],"line":132},"5":{"loc":{"start":{"line":136,"column":9},"end":{"line":143,"column":5}},"type":"if","locations":[{"start":{"line":136,"column":9},"end":{"line":143,"column":5}},{"start":{"line":136,"column":9},"end":{"line":143,"column":5}}],"line":136},"6":{"loc":{"start":{"line":139,"column":9},"end":{"line":143,"column":5}},"type":"if","locations":[{"start":{"line":139,"column":9},"end":{"line":143,"column":5}},{"start":{"line":139,"column":9},"end":{"line":143,"column":5}}],"line":139},"7":{"loc":{"start":{"line":184,"column":2},"end":{"line":190,"column":3}},"type":"if","locations":[{"start":{"line":184,"column":2},"end":{"line":190,"column":3}},{"start":{"line":184,"column":2},"end":{"line":190,"column":3}}],"line":184},"8":{"loc":{"start":{"line":208,"column":2},"end":{"line":216,"column":3}},"type":"if","locations":[{"start":{"line":208,"column":2},"end":{"line":216,"column":3}},{"start":{"line":208,"column":2},"end":{"line":216,"column":3}}],"line":208},"9":{"loc":{"start":{"line":211,"column":7},"end":{"line":216,"column":3}},"type":"if","locations":[{"start":{"line":211,"column":7},"end":{"line":216,"column":3}},{"start":{"line":211,"column":7},"end":{"line":216,"column":3}}],"line":211},"10":{"loc":{"start":{"line":248,"column":2},"end":{"line":251,"column":3}},"type":"if","locations":[{"start":{"line":248,"column":2},"end":{"line":251,"column":3}},{"start":{"line":248,"column":2},"end":{"line":251,"column":3}}],"line":248},"11":{"loc":{"start":{"line":256,"column":2},"end":{"line":357,"column":3}},"type":"if","locations":[{"start":{"line":256,"column":2},"end":{"line":357,"column":3}},{"start":{"line":256,"column":2},"end":{"line":357,"column":3}}],"line":256},"12":{"loc":{"start":{"line":256,"column":6},"end":{"line":257,"column":66}},"type":"binary-expr","locations":[{"start":{"line":256,"column":6},"end":{"line":256,"column":22}},{"start":{"line":256,"column":26},"end":{"line":256,"column":45}},{"start":{"line":256,"column":49},"end":{"line":256,"column":68}},{"start":{"line":256,"column":72},"end":{"line":256,"column":89}},{"start":{"line":256,"column":93},"end":{"line":256,"column":112}},{"start":{"line":257,"column":6},"end":{"line":257,"column":24}},{"start":{"line":257,"column":28},"end":{"line":257,"column":45}},{"start":{"line":257,"column":49},"end":{"line":257,"column":66}}],"line":256},"13":{"loc":{"start":{"line":260,"column":7},"end":{"line":357,"column":3}},"type":"if","locations":[{"start":{"line":260,"column":7},"end":{"line":357,"column":3}},{"start":{"line":260,"column":7},"end":{"line":357,"column":3}}],"line":260},"14":{"loc":{"start":{"line":273,"column":4},"end":{"line":275,"column":5}},"type":"if","locations":[{"start":{"line":273,"column":4},"end":{"line":275,"column":5}},{"start":{"line":273,"column":4},"end":{"line":275,"column":5}}],"line":273},"15":{"loc":{"start":{"line":279,"column":7},"end":{"line":357,"column":3}},"type":"if","locations":[{"start":{"line":279,"column":7},"end":{"line":357,"column":3}},{"start":{"line":279,"column":7},"end":{"line":357,"column":3}}],"line":279},"16":{"loc":{"start":{"line":283,"column":4},"end":{"line":292,"column":5}},"type":"if","locations":[{"start":{"line":283,"column":4},"end":{"line":292,"column":5}},{"start":{"line":283,"column":4},"end":{"line":292,"column":5}}],"line":283},"17":{"loc":{"start":{"line":283,"column":8},"end":{"line":283,"column":31}},"type":"binary-expr","locations":[{"start":{"line":283,"column":8},"end":{"line":283,"column":15}},{"start":{"line":283,"column":19},"end":{"line":283,"column":31}}],"line":283},"18":{"loc":{"start":{"line":299,"column":7},"end":{"line":357,"column":3}},"type":"if","locations":[{"start":{"line":299,"column":7},"end":{"line":357,"column":3}},{"start":{"line":299,"column":7},"end":{"line":357,"column":3}}],"line":299},"19":{"loc":{"start":{"line":303,"column":7},"end":{"line":357,"column":3}},"type":"if","locations":[{"start":{"line":303,"column":7},"end":{"line":357,"column":3}},{"start":{"line":303,"column":7},"end":{"line":357,"column":3}}],"line":303},"20":{"loc":{"start":{"line":309,"column":7},"end":{"line":357,"column":3}},"type":"if","locations":[{"start":{"line":309,"column":7},"end":{"line":357,"column":3}},{"start":{"line":309,"column":7},"end":{"line":357,"column":3}}],"line":309},"21":{"loc":{"start":{"line":315,"column":7},"end":{"line":357,"column":3}},"type":"if","locations":[{"start":{"line":315,"column":7},"end":{"line":357,"column":3}},{"start":{"line":315,"column":7},"end":{"line":357,"column":3}}],"line":315},"22":{"loc":{"start":{"line":321,"column":7},"end":{"line":357,"column":3}},"type":"if","locations":[{"start":{"line":321,"column":7},"end":{"line":357,"column":3}},{"start":{"line":321,"column":7},"end":{"line":357,"column":3}}],"line":321},"23":{"loc":{"start":{"line":325,"column":7},"end":{"line":357,"column":3}},"type":"if","locations":[{"start":{"line":325,"column":7},"end":{"line":357,"column":3}},{"start":{"line":325,"column":7},"end":{"line":357,"column":3}}],"line":325},"24":{"loc":{"start":{"line":328,"column":4},"end":{"line":336,"column":5}},"type":"if","locations":[{"start":{"line":328,"column":4},"end":{"line":336,"column":5}},{"start":{"line":328,"column":4},"end":{"line":336,"column":5}}],"line":328},"25":{"loc":{"start":{"line":331,"column":9},"end":{"line":336,"column":5}},"type":"if","locations":[{"start":{"line":331,"column":9},"end":{"line":336,"column":5}},{"start":{"line":331,"column":9},"end":{"line":336,"column":5}}],"line":331},"26":{"loc":{"start":{"line":342,"column":4},"end":{"line":345,"column":5}},"type":"if","locations":[{"start":{"line":342,"column":4},"end":{"line":345,"column":5}},{"start":{"line":342,"column":4},"end":{"line":345,"column":5}}],"line":342},"27":{"loc":{"start":{"line":359,"column":2},"end":{"line":361,"column":3}},"type":"if","locations":[{"start":{"line":359,"column":2},"end":{"line":361,"column":3}},{"start":{"line":359,"column":2},"end":{"line":361,"column":3}}],"line":359},"28":{"loc":{"start":{"line":359,"column":6},"end":{"line":359,"column":53}},"type":"binary-expr","locations":[{"start":{"line":359,"column":6},"end":{"line":359,"column":34}},{"start":{"line":359,"column":38},"end":{"line":359,"column":53}}],"line":359}},"s":{"0":72,"1":72,"2":72,"3":148,"4":17,"5":131,"6":90,"7":41,"8":2,"9":74,"10":74,"11":37,"12":37,"13":74,"14":66,"15":66,"16":66,"17":50,"18":50,"19":50,"20":50,"21":50,"22":32,"23":32,"24":91,"25":48,"26":43,"27":41,"28":2,"29":2,"30":32,"31":32,"32":13,"33":13,"34":131,"35":271,"36":131,"37":508,"38":508,"39":0,"40":0,"41":40,"42":7,"43":371,"44":7,"45":7,"46":2,"47":5,"48":5,"49":0,"50":7,"51":7,"52":7,"53":406,"54":406,"55":1,"56":1,"57":405,"58":405,"59":405,"60":255,"61":150,"62":24,"63":24,"64":24,"65":24,"66":20,"67":24,"68":24,"69":126,"70":45,"71":76,"72":45,"73":2,"74":4,"75":45,"76":45,"77":81,"78":13,"79":68,"80":7,"81":61,"82":35,"83":26,"84":6,"85":20,"86":4,"87":4,"88":16,"89":16,"90":16,"91":11,"92":5,"93":5,"94":0,"95":16,"96":16,"97":16,"98":14,"99":14,"100":16,"101":16,"102":0,"103":0,"104":0,"105":405,"106":323,"107":405},"f":{"0":148,"1":74,"2":66,"3":50,"4":32,"5":91,"6":13,"7":131,"8":271,"9":508,"10":40,"11":7,"12":371,"13":7,"14":406,"15":76,"16":4},"b":{"0":[17,131],"1":[90,41],"2":[2,39],"3":[37,37],"4":[48,43],"5":[41,2],"6":[2,0],"7":[508,0],"8":[2,5],"9":[5,0],"10":[1,405],"11":[255,150],"12":[405,396,241,163,157,154,154,151],"13":[24,126],"14":[20,4],"15":[45,81],"16":[2,43],"17":[45,44],"18":[13,68],"19":[7,61],"20":[35,26],"21":[6,20],"22":[4,16],"23":[16,0],"24":[11,5],"25":[5,0],"26":[14,2],"27":[323,82],"28":[405,361]},"_coverageSchema":"332fd63041d2c1bcb487cc26dd0d5f7d97098a6c","hash":"d8f146239ab9b082db9d1cec561f8c4efcdd1463"}
,"/Users/kross/projects/babel-plugin-flow-react-proptypes/src/util.js": {"path":"/Users/kross/projects/babel-plugin-flow-react-proptypes/src/util.js","statementMap":{"0":{"start":{"line":4,"column":22},"end":{"line":4,"column":30}},"1":{"start":{"line":7,"column":27},"end":{"line":7,"column":62}},"2":{"start":{"line":10,"column":2},"end":{"line":10,"column":35}},"3":{"start":{"line":14,"column":2},"end":{"line":20,"column":3}},"4":{"start":{"line":14,"column":33},"end":{"line":14,"column":63}},"5":{"start":{"line":15,"column":7},"end":{"line":20,"column":3}},"6":{"start":{"line":15,"column":38},"end":{"line":15,"column":69}},"7":{"start":{"line":16,"column":7},"end":{"line":20,"column":3}},"8":{"start":{"line":16,"column":39},"end":{"line":16,"column":70}},"9":{"start":{"line":18,"column":4},"end":{"line":18,"column":49}},"10":{"start":{"line":19,"column":4},"end":{"line":19,"column":129}},"11":{"start":{"line":24,"column":2},"end":{"line":24,"column":58}},"12":{"start":{"line":28,"column":19},"end":{"line":34,"column":3}},"13":{"start":{"line":35,"column":16},"end":{"line":35,"column":21}},"14":{"start":{"line":37,"column":2},"end":{"line":59,"column":5}},"15":{"start":{"line":39,"column":6},"end":{"line":39,"column":21}},"16":{"start":{"line":40,"column":6},"end":{"line":40,"column":18}},"17":{"start":{"line":43,"column":6},"end":{"line":46,"column":7}},"18":{"start":{"line":44,"column":8},"end":{"line":44,"column":20}},"19":{"start":{"line":45,"column":8},"end":{"line":45,"column":15}},"20":{"start":{"line":48,"column":21},"end":{"line":48,"column":25}},"21":{"start":{"line":49,"column":23},"end":{"line":49,"column":27}},"22":{"start":{"line":50,"column":6},"end":{"line":50,"column":53}},"23":{"start":{"line":50,"column":46},"end":{"line":50,"column":53}},"24":{"start":{"line":51,"column":6},"end":{"line":57,"column":7}},"25":{"start":{"line":55,"column":8},"end":{"line":55,"column":23}},"26":{"start":{"line":56,"column":8},"end":{"line":56,"column":20}},"27":{"start":{"line":60,"column":2},"end":{"line":60,"column":17}},"28":{"start":{"line":64,"column":2},"end":{"line":66,"column":3}},"29":{"start":{"line":65,"column":4},"end":{"line":65,"column":17}},"30":{"start":{"line":67,"column":2},"end":{"line":69,"column":3}},"31":{"start":{"line":68,"column":4},"end":{"line":68,"column":17}},"32":{"start":{"line":71,"column":15},"end":{"line":71,"column":45}},"33":{"start":{"line":72,"column":2},"end":{"line":79,"column":3}},"34":{"start":{"line":73,"column":4},"end":{"line":78,"column":5}},"35":{"start":{"line":74,"column":6},"end":{"line":74,"column":18}},"36":{"start":{"line":77,"column":6},"end":{"line":77,"column":19}},"37":{"start":{"line":81,"column":2},"end":{"line":81,"column":15}}},"fnMap":{"0":{"name":"(anonymous_0)","decl":{"start":{"line":4,"column":22},"end":{"line":4,"column":23}},"loc":{"start":{"line":4,"column":28},"end":{"line":4,"column":30}},"line":4},"1":{"name":"isExact","decl":{"start":{"line":9,"column":16},"end":{"line":9,"column":23}},"loc":{"start":{"line":9,"column":30},"end":{"line":11,"column":1}},"line":9},"2":{"name":"makeLiteral","decl":{"start":{"line":13,"column":16},"end":{"line":13,"column":27}},"loc":{"start":{"line":13,"column":35},"end":{"line":21,"column":1}},"line":13},"3":{"name":"getExportNameForType","decl":{"start":{"line":23,"column":16},"end":{"line":23,"column":36}},"loc":{"start":{"line":23,"column":43},"end":{"line":25,"column":1}},"line":23},"4":{"name":"containsReactElement","decl":{"start":{"line":27,"column":16},"end":{"line":27,"column":36}},"loc":{"start":{"line":27,"column":43},"end":{"line":61,"column":1}},"line":27},"5":{"name":"hasReactElementTypeAnnotationReturn","decl":{"start":{"line":63,"column":16},"end":{"line":63,"column":51}},"loc":{"start":{"line":63,"column":58},"end":{"line":82,"column":1}},"line":63}},"branchMap":{"0":{"loc":{"start":{"line":14,"column":2},"end":{"line":20,"column":3}},"type":"if","locations":[{"start":{"line":14,"column":2},"end":{"line":20,"column":3}},{"start":{"line":14,"column":2},"end":{"line":20,"column":3}}],"line":14},"1":{"loc":{"start":{"line":15,"column":7},"end":{"line":20,"column":3}},"type":"if","locations":[{"start":{"line":15,"column":7},"end":{"line":20,"column":3}},{"start":{"line":15,"column":7},"end":{"line":20,"column":3}}],"line":15},"2":{"loc":{"start":{"line":16,"column":7},"end":{"line":20,"column":3}},"type":"if","locations":[{"start":{"line":16,"column":7},"end":{"line":20,"column":3}},{"start":{"line":16,"column":7},"end":{"line":20,"column":3}}],"line":16},"3":{"loc":{"start":{"line":43,"column":6},"end":{"line":46,"column":7}},"type":"if","locations":[{"start":{"line":43,"column":6},"end":{"line":46,"column":7}},{"start":{"line":43,"column":6},"end":{"line":46,"column":7}}],"line":43},"4":{"loc":{"start":{"line":50,"column":6},"end":{"line":50,"column":53}},"type":"if","locations":[{"start":{"line":50,"column":6},"end":{"line":50,"column":53}},{"start":{"line":50,"column":6},"end":{"line":50,"column":53}}],"line":50},"5":{"loc":{"start":{"line":51,"column":6},"end":{"line":57,"column":7}},"type":"if","locations":[{"start":{"line":51,"column":6},"end":{"line":57,"column":7}},{"start":{"line":51,"column":6},"end":{"line":57,"column":7}}],"line":51},"6":{"loc":{"start":{"line":52,"column":8},"end":{"line":53,"column":70}},"type":"binary-expr","locations":[{"start":{"line":52,"column":8},"end":{"line":52,"column":21}},{"start":{"line":52,"column":25},"end":{"line":52,"column":55}},{"start":{"line":53,"column":11},"end":{"line":53,"column":26}},{"start":{"line":53,"column":30},"end":{"line":53,"column":70}}],"line":52},"7":{"loc":{"start":{"line":64,"column":2},"end":{"line":66,"column":3}},"type":"if","locations":[{"start":{"line":64,"column":2},"end":{"line":66,"column":3}},{"start":{"line":64,"column":2},"end":{"line":66,"column":3}}],"line":64},"8":{"loc":{"start":{"line":67,"column":2},"end":{"line":69,"column":3}},"type":"if","locations":[{"start":{"line":67,"column":2},"end":{"line":69,"column":3}},{"start":{"line":67,"column":2},"end":{"line":69,"column":3}}],"line":67},"9":{"loc":{"start":{"line":67,"column":6},"end":{"line":67,"column":67}},"type":"binary-expr","locations":[{"start":{"line":67,"column":6},"end":{"line":67,"column":22}},{"start":{"line":67,"column":26},"end":{"line":67,"column":67}}],"line":67},"10":{"loc":{"start":{"line":72,"column":2},"end":{"line":79,"column":3}},"type":"if","locations":[{"start":{"line":72,"column":2},"end":{"line":79,"column":3}},{"start":{"line":72,"column":2},"end":{"line":79,"column":3}}],"line":72},"11":{"loc":{"start":{"line":73,"column":4},"end":{"line":78,"column":5}},"type":"if","locations":[{"start":{"line":73,"column":4},"end":{"line":78,"column":5}},{"start":{"line":73,"column":4},"end":{"line":78,"column":5}}],"line":73},"12":{"loc":{"start":{"line":73,"column":8},"end":{"line":73,"column":50}},"type":"binary-expr","locations":[{"start":{"line":73,"column":8},"end":{"line":73,"column":15}},{"start":{"line":73,"column":19},"end":{"line":73,"column":50}}],"line":73}},"s":{"0":72,"1":72,"2":2,"3":572,"4":560,"5":12,"6":8,"7":4,"8":4,"9":0,"10":0,"11":206,"12":276,"13":276,"14":276,"15":17,"16":17,"17":344,"18":0,"19":0,"20":344,"21":344,"22":344,"23":109,"24":235,"25":2,"26":2,"27":276,"28":279,"29":261,"30":18,"31":14,"32":4,"33":4,"34":3,"35":3,"36":0,"37":1},"f":{"0":998,"1":2,"2":572,"3":206,"4":276,"5":279},"b":{"0":[560,12],"1":[8,4],"2":[4,0],"3":[0,344],"4":[109,235],"5":[2,233],"6":[235,235,2,2],"7":[261,18],"8":[14,4],"9":[18,4],"10":[3,1],"11":[3,0],"12":[3,3]},"_coverageSchema":"332fd63041d2c1bcb487cc26dd0d5f7d97098a6c","hash":"049ffd59d7ead6f2b964212d4e5fb2353cf70d59"}
,"/Users/kross/projects/babel-plugin-flow-react-proptypes/src/__tests__/lib/test-types.js.transpiled": {"path":"/Users/kross/projects/babel-plugin-flow-react-proptypes/src/__tests__/lib/test-types.js.transpiled","statementMap":{"0":{"start":{"line":3,"column":0},"end":{"line":7,"column":3}},"1":{"start":{"line":3,"column":36},"end":{"line":7,"column":3}},"2":{"start":{"line":8,"column":0},"end":{"line":21,"column":3}},"3":{"start":{"line":8,"column":36},"end":{"line":21,"column":3}},"4":{"start":{"line":22,"column":0},"end":{"line":24,"column":3}},"5":{"start":{"line":22,"column":36},"end":{"line":24,"column":3}},"6":{"start":{"line":25,"column":0},"end":{"line":27,"column":3}},"7":{"start":{"line":25,"column":36},"end":{"line":27,"column":3}},"8":{"start":{"line":28,"column":0},"end":{"line":30,"column":3}},"9":{"start":{"line":28,"column":36},"end":{"line":30,"column":3}}},"fnMap":{},"branchMap":{"0":{"loc":{"start":{"line":3,"column":0},"end":{"line":7,"column":3}},"type":"if","locations":[{"start":{"line":3,"column":0},"end":{"line":7,"column":3}},{"start":{"line":3,"column":0},"end":{"line":7,"column":3}}],"line":3},"1":{"loc":{"start":{"line":8,"column":0},"end":{"line":21,"column":3}},"type":"if","locations":[{"start":{"line":8,"column":0},"end":{"line":21,"column":3}},{"start":{"line":8,"column":0},"end":{"line":21,"column":3}}],"line":8},"2":{"loc":{"start":{"line":22,"column":0},"end":{"line":24,"column":3}},"type":"if","locations":[{"start":{"line":22,"column":0},"end":{"line":24,"column":3}},{"start":{"line":22,"column":0},"end":{"line":24,"column":3}}],"line":22},"3":{"loc":{"start":{"line":25,"column":0},"end":{"line":27,"column":3}},"type":"if","locations":[{"start":{"line":25,"column":0},"end":{"line":27,"column":3}},{"start":{"line":25,"column":0},"end":{"line":27,"column":3}}],"line":25},"4":{"loc":{"start":{"line":28,"column":0},"end":{"line":30,"column":3}},"type":"if","locations":[{"start":{"line":28,"column":0},"end":{"line":30,"column":3}},{"start":{"line":28,"column":0},"end":{"line":30,"column":3}}],"line":28}},"s":{"0":3,"1":3,"2":3,"3":3,"4":3,"5":3,"6":3,"7":3,"8":3,"9":3},"f":{},"b":{"0":[3,0],"1":[3,0],"2":[3,0],"3":[3,0],"4":[3,0]},"_coverageSchema":"332fd63041d2c1bcb487cc26dd0d5f7d97098a6c","hash":"f12a51e7e8689c7c106da253457b3b469d9387a3"}
}
