TN:
SF:/Users/kross/projects/babel-plugin-flow-react-proptypes/src/convertToPropTypes.js
FN:3,convertToPropTypes
FN:11,(anonymous_1)
FN:18,(anonymous_2)
FN:61,(anonymous_3)
FN:80,(anonymous_4)
FN:82,(anonymous_5)
FN:83,(anonymous_6)
FN:85,(anonymous_7)
FN:86,(anonymous_8)
FN:145,(anonymous_9)
FN:156,(anonymous_10)
FN:161,(anonymous_11)
FN:169,(anonymous_12)
FNF:13
FNH:13
FNDA:936,convertToPropTypes
FNDA:300,(anonymous_1)
FNDA:2,(anonymous_2)
FNDA:1,(anonymous_3)
FNDA:110,(anonymous_4)
FNDA:110,(anonymous_5)
FNDA:110,(anonymous_6)
FNDA:110,(anonymous_7)
FNDA:64,(anonymous_8)
FNDA:67,(anonymous_9)
FNDA:59,(anonymous_10)
FNDA:49,(anonymous_11)
FNDA:14,(anonymous_12)
DA:4,936
DA:7,936
DA:8,152
DA:11,152
DA:15,300
DA:17,300
DA:18,2
DA:21,298
DA:26,152
DA:28,784
DA:29,298
DA:30,298
DA:33,298
DA:36,298
DA:37,298
DA:40,298
DA:42,486
DA:43,2
DA:45,2
DA:46,1
DA:49,1
DA:52,2
DA:53,2
DA:60,2
DA:61,1
DA:63,2
DA:65,484
DA:66,483
DA:67,478
DA:68,477
DA:69,476
DA:70,475
DA:71,404
DA:72,286
DA:73,281
DA:74,277
DA:75,276
DA:76,3
DA:77,3
DA:79,273
DA:80,110
DA:82,110
DA:83,110
DA:85,110
DA:86,64
DA:88,42
DA:89,1
DA:91,41
DA:92,12
DA:97,29
DA:101,231
DA:102,1
DA:107,230
DA:108,191
DA:110,6
DA:111,2
DA:114,4
DA:116,6
DA:120,1
DA:123,5
DA:126,185
DA:127,96
DA:129,89
DA:130,68
DA:132,21
DA:133,4
DA:135,17
DA:136,1
DA:139,16
DA:142,39
DA:143,29
DA:145,67
DA:148,29
DA:152,29
DA:153,1
DA:154,1
DA:156,59
DA:158,22
DA:161,49
DA:166,6
DA:169,14
DA:173,10
DA:179,10
DA:182,636
DA:183,636
DA:186,0
LF:86
LH:85
BRDA:7,0,0,152
BRDA:7,0,1,784
BRDA:17,1,0,2
BRDA:17,1,1,298
BRDA:28,2,0,298
BRDA:28,2,1,486
BRDA:36,3,0,298
BRDA:36,3,1,0
BRDA:37,4,0,298
BRDA:37,4,1,284
BRDA:42,5,0,2
BRDA:42,5,1,484
BRDA:45,6,0,1
BRDA:45,6,1,1
BRDA:60,7,0,1
BRDA:60,7,1,1
BRDA:65,8,0,1
BRDA:65,8,1,483
BRDA:66,9,0,5
BRDA:66,9,1,478
BRDA:67,10,0,1
BRDA:67,10,1,477
BRDA:68,11,0,1
BRDA:68,11,1,476
BRDA:69,12,0,1
BRDA:69,12,1,475
BRDA:70,13,0,71
BRDA:70,13,1,404
BRDA:71,14,0,118
BRDA:71,14,1,286
BRDA:72,15,0,5
BRDA:72,15,1,281
BRDA:73,16,0,4
BRDA:73,16,1,277
BRDA:74,17,0,1
BRDA:74,17,1,276
BRDA:75,18,0,3
BRDA:75,18,1,273
BRDA:79,19,0,42
BRDA:79,19,1,231
BRDA:80,20,0,110
BRDA:80,20,1,61
BRDA:85,21,0,110
BRDA:85,21,1,66
BRDA:88,22,0,1
BRDA:88,22,1,41
BRDA:88,23,0,42
BRDA:88,23,1,3
BRDA:91,24,0,12
BRDA:91,24,1,29
BRDA:101,25,0,1
BRDA:101,25,1,230
BRDA:101,26,0,231
BRDA:101,26,1,190
BRDA:107,27,0,191
BRDA:107,27,1,39
BRDA:107,28,0,230
BRDA:107,28,1,41
BRDA:108,29,0,6
BRDA:108,29,1,185
BRDA:108,30,0,191
BRDA:108,30,1,189
BRDA:110,31,0,2
BRDA:110,31,1,4
BRDA:116,32,0,1
BRDA:116,32,1,5
BRDA:116,33,0,6
BRDA:116,33,1,2
BRDA:116,33,2,1
BRDA:116,33,3,1
BRDA:126,34,0,96
BRDA:126,34,1,89
BRDA:126,35,0,185
BRDA:126,35,1,185
BRDA:126,35,2,180
BRDA:129,36,0,68
BRDA:129,36,1,21
BRDA:129,37,0,89
BRDA:129,37,1,89
BRDA:129,37,2,84
BRDA:132,38,0,4
BRDA:132,38,1,17
BRDA:135,39,0,1
BRDA:135,39,1,16
BRDA:142,40,0,29
BRDA:142,40,1,10
BRDA:152,41,0,1
BRDA:152,41,1,28
BRDA:156,42,0,22
BRDA:156,42,1,6
BRDA:173,43,0,10
BRDA:173,43,1,0
BRDA:182,44,0,636
BRDA:182,44,1,0
BRF:94
BRH:91
end_of_record
TN:
SF:/Users/kross/projects/babel-plugin-flow-react-proptypes/src/index.js
FN:24,(anonymous_0)
FN:30,(anonymous_1)
FN:48,(anonymous_2)
FN:63,flowReactPropTypes
FN:66,(anonymous_4)
FN:90,(anonymous_5)
FN:131,(anonymous_6)
FN:192,(anonymous_7)
FN:280,(anonymous_8)
FNF:9
FNH:9
FNDA:202,(anonymous_0)
FNDA:74,(anonymous_1)
FNDA:22,(anonymous_2)
FNDA:71,flowReactPropTypes
FNDA:407,(anonymous_4)
FNDA:74,(anonymous_5)
FNDA:407,(anonymous_6)
FNDA:74,(anonymous_7)
FNDA:44,(anonymous_8)
DA:12,71
DA:15,71
DA:16,71
DA:17,71
DA:24,202
DA:30,71
DA:31,74
DA:33,74
DA:36,73
DA:38,1
DA:39,1
DA:42,0
DA:45,74
DA:48,71
DA:50,22
DA:51,22
DA:55,22
DA:56,0
DA:57,0
DA:60,22
DA:63,71
DA:64,71
DA:66,71
DA:67,407
DA:69,128
DA:71,279
DA:72,3
DA:74,276
DA:75,19
DA:77,257
DA:90,71
DA:95,74
DA:96,16
DA:97,16
DA:98,16
DA:101,58
DA:102,58
DA:105,74
DA:106,0
DA:109,74
DA:110,74
DA:111,2
DA:113,72
DA:120,72
DA:131,71
DA:132,407
DA:133,385
DA:135,22
DA:136,22
DA:137,21
DA:141,71
DA:144,88
DA:145,88
DA:146,88
DA:147,88
DA:148,88
DA:149,1
DA:150,1
DA:151,1
DA:154,88
DA:155,88
DA:158,0
DA:163,58
DA:164,57
DA:165,57
DA:167,57
DA:168,57
DA:169,0
DA:172,57
DA:173,57
DA:176,56
DA:177,55
DA:180,55
DA:183,55
DA:186,55
DA:187,1
DA:188,1
DA:192,54
DA:193,74
DA:194,52
DA:195,52
DA:200,54
DA:201,54
DA:202,1
DA:203,1
DA:204,1
DA:209,124
DA:210,123
DA:214,262
DA:215,258
DA:219,26
DA:220,26
DA:234,83
DA:235,83
DA:238,83
DA:239,11
DA:242,72
DA:244,72
DA:245,72
DA:246,72
DA:248,72
DA:250,72
DA:258,72
DA:269,72
DA:272,65
DA:273,65
DA:279,65
DA:280,30
DA:281,44
DA:293,44
DA:294,44
DA:320,44
LF:112
LH:106
BRDA:33,0,0,73
BRDA:33,0,1,1
BRDA:33,1,0,74
BRDA:33,1,1,67
BRDA:33,1,2,10
BRDA:33,1,3,2
BRDA:38,2,0,1
BRDA:38,2,1,0
BRDA:38,3,0,1
BRDA:38,3,1,1
BRDA:51,4,0,22
BRDA:51,4,1,22
BRDA:51,4,2,22
BRDA:55,5,0,0
BRDA:55,5,1,22
BRDA:67,6,0,128
BRDA:67,6,1,279
BRDA:67,7,0,407
BRDA:67,7,1,381
BRDA:67,7,2,149
BRDA:71,8,0,3
BRDA:71,8,1,276
BRDA:74,9,0,19
BRDA:74,9,1,257
BRDA:95,10,0,16
BRDA:95,10,1,58
BRDA:95,11,0,74
BRDA:95,11,1,60
BRDA:98,12,0,2
BRDA:98,12,1,14
BRDA:102,13,0,53
BRDA:102,13,1,5
BRDA:105,14,0,0
BRDA:105,14,1,74
BRDA:110,15,0,2
BRDA:110,15,1,72
BRDA:132,16,0,385
BRDA:132,16,1,22
BRDA:136,17,0,21
BRDA:136,17,1,1
BRDA:148,18,0,1
BRDA:148,18,1,87
BRDA:148,19,0,88
BRDA:148,19,1,88
BRDA:150,20,0,1
BRDA:150,20,1,0
BRDA:150,21,0,1
BRDA:150,21,1,1
BRDA:154,22,0,88
BRDA:154,22,1,0
BRDA:154,23,0,88
BRDA:154,23,1,88
BRDA:154,23,2,88
BRDA:155,24,0,0
BRDA:155,24,1,88
BRDA:163,25,0,1
BRDA:163,25,1,57
BRDA:168,26,0,0
BRDA:168,26,1,57
BRDA:176,27,0,1
BRDA:176,27,1,55
BRDA:180,28,0,55
BRDA:180,28,1,54
BRDA:180,28,2,50
BRDA:180,28,3,50
BRDA:180,28,4,2
BRDA:183,29,0,55
BRDA:183,29,1,54
BRDA:183,29,2,4
BRDA:183,29,3,0
BRDA:186,30,0,1
BRDA:186,30,1,54
BRDA:186,31,0,55
BRDA:186,31,1,5
BRDA:193,32,0,52
BRDA:193,32,1,22
BRDA:193,33,0,74
BRDA:193,33,1,74
BRDA:193,33,2,52
BRDA:200,34,0,54
BRDA:200,34,1,1
BRDA:201,35,0,1
BRDA:201,35,1,53
BRDA:201,36,0,54
BRDA:201,36,1,1
BRDA:209,37,0,1
BRDA:209,37,1,123
BRDA:214,38,0,4
BRDA:214,38,1,258
BRDA:219,39,0,0
BRDA:219,39,1,26
BRDA:234,40,0,0
BRDA:234,40,1,83
BRDA:238,41,0,11
BRDA:238,41,1,72
BRDA:238,42,0,83
BRDA:238,42,1,75
BRDA:272,43,0,0
BRDA:272,43,1,65
BRDA:279,44,0,30
BRDA:279,44,1,35
BRDA:281,45,0,5
BRDA:281,45,1,39
BRF:103
BRH:92
end_of_record
TN:
SF:/Users/kross/projects/babel-plugin-flow-react-proptypes/src/makePropTypesAst.js
FN:40,makePropTypesAstForPropTypesAssignment
FN:69,makePropTypesAstForExport
FN:78,makeAnyPropTypeAST
FN:84,makeObjectAstForRaw
FN:128,makeObjectMergeAstForShapeIntersectRuntime
FN:130,(anonymous_5)
FN:158,makeShapeAstForShapeIntersectRuntime
FN:169,makeObjectAstForShape
FN:173,(anonymous_8)
FN:182,makePropTypeImportNode
FN:191,makeFunctionCheckAST
FN:195,makeNullCheckAST
FN:199,markNodeAsRequired
FN:203,processQualifiedTypeIdentifierIntoMemberExpression
FN:243,makePropType
FN:279,(anonymous_15)
FN:287,(anonymous_16)
FNF:17
FNH:17
FNDA:146,makePropTypesAstForPropTypesAssignment
FNDA:72,makePropTypesAstForExport
FNDA:66,makeAnyPropTypeAST
FNDA:50,makeObjectAstForRaw
FNDA:32,makeObjectMergeAstForShapeIntersectRuntime
FNDA:91,(anonymous_5)
FNDA:13,makeShapeAstForShapeIntersectRuntime
FNDA:131,makeObjectAstForShape
FNDA:271,(anonymous_8)
FNDA:506,makePropTypeImportNode
FNDA:40,makeFunctionCheckAST
FNDA:7,makeNullCheckAST
FNDA:333,markNodeAsRequired
FNDA:7,processQualifiedTypeIdentifierIntoMemberExpression
FNDA:404,makePropType
FNDA:76,(anonymous_15)
FNDA:4,(anonymous_16)
DA:5,71
DA:7,71
DA:13,71
DA:41,146
DA:44,17
DA:46,129
DA:47,90
DA:49,39
DA:50,2
DA:70,72
DA:71,72
DA:72,35
DA:74,72
DA:79,66
DA:80,66
DA:81,66
DA:85,50
DA:90,50
DA:91,50
DA:92,50
DA:93,50
DA:129,32
DA:130,32
DA:131,91
DA:132,48
DA:135,43
DA:136,41
DA:138,2
DA:141,2
DA:144,32
DA:149,32
DA:159,13
DA:160,13
DA:173,131
DA:174,271
DA:179,131
DA:183,506
DA:184,506
DA:187,0
DA:188,0
DA:192,40
DA:196,7
DA:200,333
DA:204,7
DA:207,7
DA:208,2
DA:210,5
DA:211,5
DA:214,0
DA:216,7
DA:218,7
DA:220,7
DA:245,404
DA:247,404
DA:248,1
DA:249,1
DA:252,403
DA:253,403
DA:255,403
DA:257,253
DA:259,150
DA:260,24
DA:264,24
DA:265,24
DA:272,24
DA:273,20
DA:275,24
DA:276,24
DA:278,126
DA:279,45
DA:280,76
DA:282,45
DA:283,2
DA:287,4
DA:292,45
DA:293,45
DA:298,81
DA:300,13
DA:302,68
DA:303,7
DA:308,61
DA:309,35
DA:314,26
DA:315,6
DA:320,20
DA:321,4
DA:322,4
DA:324,16
DA:325,16
DA:327,16
DA:328,11
DA:330,5
DA:331,5
DA:334,0
DA:336,16
DA:340,16
DA:341,16
DA:342,12
DA:343,12
DA:345,16
DA:346,16
DA:352,0
DA:353,0
DA:354,0
DA:358,403
DA:359,289
DA:362,403
LF:107
LH:100
BRDA:41,0,0,17
BRDA:41,0,1,129
BRDA:46,1,0,90
BRDA:46,1,1,39
BRDA:49,2,0,2
BRDA:49,2,1,37
BRDA:71,3,0,35
BRDA:71,3,1,37
BRDA:131,4,0,48
BRDA:131,4,1,43
BRDA:135,5,0,41
BRDA:135,5,1,2
BRDA:138,6,0,2
BRDA:138,6,1,0
BRDA:183,7,0,506
BRDA:183,7,1,0
BRDA:207,8,0,2
BRDA:207,8,1,5
BRDA:210,9,0,5
BRDA:210,9,1,0
BRDA:247,10,0,1
BRDA:247,10,1,403
BRDA:255,11,0,253
BRDA:255,11,1,150
BRDA:255,12,0,403
BRDA:255,12,1,394
BRDA:255,12,2,241
BRDA:255,12,3,163
BRDA:255,12,4,157
BRDA:255,12,5,154
BRDA:255,12,6,154
BRDA:255,12,7,151
BRDA:259,13,0,24
BRDA:259,13,1,126
BRDA:272,14,0,20
BRDA:272,14,1,4
BRDA:278,15,0,45
BRDA:278,15,1,81
BRDA:282,16,0,2
BRDA:282,16,1,43
BRDA:282,17,0,45
BRDA:282,17,1,44
BRDA:298,18,0,13
BRDA:298,18,1,68
BRDA:302,19,0,7
BRDA:302,19,1,61
BRDA:308,20,0,35
BRDA:308,20,1,26
BRDA:314,21,0,6
BRDA:314,21,1,20
BRDA:320,22,0,4
BRDA:320,22,1,16
BRDA:324,23,0,16
BRDA:324,23,1,0
BRDA:327,24,0,11
BRDA:327,24,1,5
BRDA:330,25,0,5
BRDA:330,25,1,0
BRDA:341,26,0,12
BRDA:341,26,1,4
BRDA:358,27,0,289
BRDA:358,27,1,114
BRDA:358,28,0,403
BRDA:358,28,1,359
BRF:64
BRH:59
end_of_record
TN:
SF:/Users/kross/projects/babel-plugin-flow-react-proptypes/src/util.js
FN:4,(anonymous_0)
FN:9,isExact
FN:13,makeLiteral
FN:23,getExportNameForType
FN:27,containsReactElement
FN:63,hasReactElementTypeAnnotationReturn
FNF:6
FNH:6
FNDA:995,(anonymous_0)
FNDA:2,isExact
FNDA:570,makeLiteral
FNDA:204,getExportNameForType
FNDA:276,containsReactElement
FNDA:279,hasReactElementTypeAnnotationReturn
DA:4,71
DA:7,71
DA:10,2
DA:14,570
DA:15,12
DA:16,4
DA:18,0
DA:19,0
DA:24,204
DA:28,276
DA:35,276
DA:37,276
DA:39,17
DA:40,17
DA:43,344
DA:44,0
DA:45,0
DA:48,344
DA:49,344
DA:50,344
DA:51,235
DA:55,2
DA:56,2
DA:60,276
DA:64,279
DA:65,261
DA:67,18
DA:68,14
DA:71,4
DA:72,4
DA:73,3
DA:74,3
DA:77,0
DA:81,1
LF:34
LH:29
BRDA:14,0,0,558
BRDA:14,0,1,12
BRDA:15,1,0,8
BRDA:15,1,1,4
BRDA:16,2,0,4
BRDA:16,2,1,0
BRDA:43,3,0,0
BRDA:43,3,1,344
BRDA:50,4,0,109
BRDA:50,4,1,235
BRDA:51,5,0,2
BRDA:51,5,1,233
BRDA:52,6,0,235
BRDA:52,6,1,235
BRDA:52,6,2,2
BRDA:52,6,3,2
BRDA:64,7,0,261
BRDA:64,7,1,18
BRDA:67,8,0,14
BRDA:67,8,1,4
BRDA:67,9,0,18
BRDA:67,9,1,4
BRDA:72,10,0,3
BRDA:72,10,1,1
BRDA:73,11,0,3
BRDA:73,11,1,0
BRDA:73,12,0,3
BRDA:73,12,1,3
BRF:28
BRH:25
end_of_record
TN:
SF:/Users/kross/projects/babel-plugin-flow-react-proptypes/src/__tests__/lib/test-types.js.transpiled
FNF:0
FNH:0
DA:3,3
DA:8,3
DA:22,3
DA:25,3
DA:28,3
LF:5
LH:5
BRDA:3,0,0,3
BRDA:3,0,1,0
BRDA:8,1,0,3
BRDA:8,1,1,0
BRDA:22,2,0,3
BRDA:22,2,1,0
BRDA:25,3,0,3
BRDA:25,3,1,0
BRDA:28,4,0,3
BRDA:28,4,1,0
BRF:10
BRH:5
end_of_record
