TN:
SF:/Users/kross/projects/babel-plugin-flow-react-proptypes/src/convertToPropTypes.js
FN:3,convertToPropTypes
FN:11,(anonymous_1)
FN:18,(anonymous_2)
FN:61,(anonymous_3)
FN:80,(anonymous_4)
FN:82,(anonymous_5)
FN:83,(anonymous_6)
FN:85,(anonymous_7)
FN:86,(anonymous_8)
FN:145,(anonymous_9)
FN:156,(anonymous_10)
FN:161,(anonymous_11)
FN:169,(anonymous_12)
FNF:13
FNH:13
FNDA:946,convertToPropTypes
FNDA:303,(anonymous_1)
FNDA:2,(anonymous_2)
FNDA:1,(anonymous_3)
FNDA:110,(anonymous_4)
FNDA:110,(anonymous_5)
FNDA:110,(anonymous_6)
FNDA:110,(anonymous_7)
FNDA:64,(anonymous_8)
FNDA:67,(anonymous_9)
FNDA:59,(anonymous_10)
FNDA:49,(anonymous_11)
FNDA:14,(anonymous_12)
DA:4,946
DA:7,946
DA:8,152
DA:11,152
DA:15,303
DA:17,303
DA:18,2
DA:21,301
DA:26,152
DA:28,794
DA:29,301
DA:30,301
DA:33,301
DA:36,301
DA:37,301
DA:40,301
DA:42,493
DA:43,2
DA:45,2
DA:46,1
DA:49,1
DA:52,2
DA:53,2
DA:60,2
DA:61,1
DA:63,2
DA:65,491
DA:66,490
DA:67,485
DA:68,484
DA:69,483
DA:70,482
DA:71,411
DA:72,291
DA:73,286
DA:74,282
DA:75,281
DA:76,4
DA:77,4
DA:79,277
DA:80,110
DA:82,110
DA:83,110
DA:85,110
DA:86,64
DA:88,42
DA:89,1
DA:91,41
DA:92,12
DA:97,29
DA:101,235
DA:102,1
DA:107,234
DA:108,195
DA:110,7
DA:111,3
DA:114,4
DA:116,7
DA:120,1
DA:123,6
DA:126,188
DA:127,96
DA:129,92
DA:130,68
DA:132,24
DA:133,4
DA:135,20
DA:136,1
DA:139,19
DA:142,39
DA:143,29
DA:145,67
DA:148,29
DA:152,29
DA:153,1
DA:154,1
DA:156,59
DA:158,22
DA:161,49
DA:166,6
DA:169,14
DA:173,10
DA:179,10
DA:182,643
DA:183,643
DA:186,0
LF:86
LH:85
BRDA:7,0,0,152
BRDA:7,0,1,794
BRDA:17,1,0,2
BRDA:17,1,1,301
BRDA:28,2,0,301
BRDA:28,2,1,493
BRDA:36,3,0,301
BRDA:36,3,1,0
BRDA:37,4,0,301
BRDA:37,4,1,287
BRDA:42,5,0,2
BRDA:42,5,1,491
BRDA:45,6,0,1
BRDA:45,6,1,1
BRDA:60,7,0,1
BRDA:60,7,1,1
BRDA:65,8,0,1
BRDA:65,8,1,490
BRDA:66,9,0,5
BRDA:66,9,1,485
BRDA:67,10,0,1
BRDA:67,10,1,484
BRDA:68,11,0,1
BRDA:68,11,1,483
BRDA:69,12,0,1
BRDA:69,12,1,482
BRDA:70,13,0,71
BRDA:70,13,1,411
BRDA:71,14,0,120
BRDA:71,14,1,291
BRDA:72,15,0,5
BRDA:72,15,1,286
BRDA:73,16,0,4
BRDA:73,16,1,282
BRDA:74,17,0,1
BRDA:74,17,1,281
BRDA:75,18,0,4
BRDA:75,18,1,277
BRDA:79,19,0,42
BRDA:79,19,1,235
BRDA:80,20,0,110
BRDA:80,20,1,61
BRDA:85,21,0,110
BRDA:85,21,1,66
BRDA:88,22,0,1
BRDA:88,22,1,41
BRDA:88,23,0,42
BRDA:88,23,1,3
BRDA:91,24,0,12
BRDA:91,24,1,29
BRDA:101,25,0,1
BRDA:101,25,1,234
BRDA:101,26,0,235
BRDA:101,26,1,193
BRDA:107,27,0,195
BRDA:107,27,1,39
BRDA:107,28,0,234
BRDA:107,28,1,42
BRDA:108,29,0,7
BRDA:108,29,1,188
BRDA:108,30,0,195
BRDA:108,30,1,192
BRDA:110,31,0,3
BRDA:110,31,1,4
BRDA:116,32,0,1
BRDA:116,32,1,6
BRDA:116,33,0,7
BRDA:116,33,1,3
BRDA:116,33,2,1
BRDA:116,33,3,1
BRDA:126,34,0,96
BRDA:126,34,1,92
BRDA:126,35,0,188
BRDA:126,35,1,188
BRDA:126,35,2,183
BRDA:129,36,0,68
BRDA:129,36,1,24
BRDA:129,37,0,92
BRDA:129,37,1,92
BRDA:129,37,2,87
BRDA:132,38,0,4
BRDA:132,38,1,20
BRDA:135,39,0,1
BRDA:135,39,1,19
BRDA:142,40,0,29
BRDA:142,40,1,10
BRDA:152,41,0,1
BRDA:152,41,1,28
BRDA:156,42,0,22
BRDA:156,42,1,6
BRDA:173,43,0,10
BRDA:173,43,1,0
BRDA:182,44,0,643
BRDA:182,44,1,0
BRF:94
BRH:91
end_of_record
TN:
SF:/Users/kross/projects/babel-plugin-flow-react-proptypes/src/index.js
FN:24,(anonymous_0)
FN:30,(anonymous_1)
FN:48,(anonymous_2)
FN:63,flowReactPropTypes
FN:66,(anonymous_4)
FN:90,(anonymous_5)
FN:131,(anonymous_6)
FN:192,(anonymous_7)
FN:280,(anonymous_8)
FNF:9
FNH:9
FNDA:204,(anonymous_0)
FNDA:74,(anonymous_1)
FNDA:22,(anonymous_2)
FNDA:72,flowReactPropTypes
FNDA:407,(anonymous_4)
FNDA:74,(anonymous_5)
FNDA:407,(anonymous_6)
FNDA:74,(anonymous_7)
FNDA:44,(anonymous_8)
DA:12,72
DA:15,72
DA:16,72
DA:17,72
DA:24,204
DA:30,72
DA:31,74
DA:33,74
DA:36,73
DA:38,1
DA:39,1
DA:42,0
DA:45,74
DA:48,72
DA:50,22
DA:51,22
DA:55,22
DA:56,0
DA:57,0
DA:60,22
DA:63,72
DA:64,72
DA:66,72
DA:67,407
DA:69,128
DA:71,279
DA:72,3
DA:74,276
DA:75,19
DA:77,257
DA:90,72
DA:95,74
DA:96,16
DA:97,16
DA:98,16
DA:101,58
DA:102,58
DA:105,74
DA:106,0
DA:109,74
DA:110,74
DA:111,2
DA:113,72
DA:120,72
DA:131,72
DA:132,407
DA:133,385
DA:135,22
DA:136,22
DA:137,21
DA:141,72
DA:144,89
DA:145,89
DA:146,89
DA:147,89
DA:148,89
DA:149,1
DA:150,1
DA:151,1
DA:154,89
DA:155,89
DA:158,0
DA:163,58
DA:164,57
DA:165,57
DA:167,57
DA:168,57
DA:169,0
DA:172,57
DA:173,57
DA:176,56
DA:177,55
DA:180,55
DA:183,55
DA:186,55
DA:187,1
DA:188,1
DA:192,54
DA:193,74
DA:194,52
DA:195,52
DA:200,54
DA:201,54
DA:202,1
DA:203,1
DA:204,1
DA:209,124
DA:210,123
DA:214,262
DA:215,258
DA:219,26
DA:220,26
DA:234,85
DA:235,85
DA:238,85
DA:239,11
DA:242,74
DA:244,74
DA:245,74
DA:246,74
DA:248,74
DA:250,74
DA:258,74
DA:269,74
DA:272,65
DA:273,65
DA:279,65
DA:280,30
DA:281,44
DA:293,44
DA:294,44
DA:320,44
LF:112
LH:106
BRDA:33,0,0,73
BRDA:33,0,1,1
BRDA:33,1,0,74
BRDA:33,1,1,67
BRDA:33,1,2,10
BRDA:33,1,3,2
BRDA:38,2,0,1
BRDA:38,2,1,0
BRDA:38,3,0,1
BRDA:38,3,1,1
BRDA:51,4,0,22
BRDA:51,4,1,22
BRDA:51,4,2,22
BRDA:55,5,0,0
BRDA:55,5,1,22
BRDA:67,6,0,128
BRDA:67,6,1,279
BRDA:67,7,0,407
BRDA:67,7,1,381
BRDA:67,7,2,149
BRDA:71,8,0,3
BRDA:71,8,1,276
BRDA:74,9,0,19
BRDA:74,9,1,257
BRDA:95,10,0,16
BRDA:95,10,1,58
BRDA:95,11,0,74
BRDA:95,11,1,60
BRDA:98,12,0,2
BRDA:98,12,1,14
BRDA:102,13,0,53
BRDA:102,13,1,5
BRDA:105,14,0,0
BRDA:105,14,1,74
BRDA:110,15,0,2
BRDA:110,15,1,72
BRDA:132,16,0,385
BRDA:132,16,1,22
BRDA:136,17,0,21
BRDA:136,17,1,1
BRDA:148,18,0,1
BRDA:148,18,1,88
BRDA:148,19,0,89
BRDA:148,19,1,89
BRDA:150,20,0,1
BRDA:150,20,1,0
BRDA:150,21,0,1
BRDA:150,21,1,1
BRDA:154,22,0,89
BRDA:154,22,1,0
BRDA:154,23,0,89
BRDA:154,23,1,89
BRDA:154,23,2,89
BRDA:155,24,0,0
BRDA:155,24,1,89
BRDA:163,25,0,1
BRDA:163,25,1,57
BRDA:168,26,0,0
BRDA:168,26,1,57
BRDA:176,27,0,1
BRDA:176,27,1,55
BRDA:180,28,0,55
BRDA:180,28,1,54
BRDA:180,28,2,50
BRDA:180,28,3,50
BRDA:180,28,4,2
BRDA:183,29,0,55
BRDA:183,29,1,54
BRDA:183,29,2,4
BRDA:183,29,3,0
BRDA:186,30,0,1
BRDA:186,30,1,54
BRDA:186,31,0,55
BRDA:186,31,1,5
BRDA:193,32,0,52
BRDA:193,32,1,22
BRDA:193,33,0,74
BRDA:193,33,1,74
BRDA:193,33,2,52
BRDA:200,34,0,54
BRDA:200,34,1,1
BRDA:201,35,0,1
BRDA:201,35,1,53
BRDA:201,36,0,54
BRDA:201,36,1,1
BRDA:209,37,0,1
BRDA:209,37,1,123
BRDA:214,38,0,4
BRDA:214,38,1,258
BRDA:219,39,0,0
BRDA:219,39,1,26
BRDA:234,40,0,0
BRDA:234,40,1,85
BRDA:238,41,0,11
BRDA:238,41,1,74
BRDA:238,42,0,85
BRDA:238,42,1,77
BRDA:272,43,0,0
BRDA:272,43,1,65
BRDA:279,44,0,30
BRDA:279,44,1,35
BRDA:281,45,0,5
BRDA:281,45,1,39
BRF:103
BRH:92
end_of_record
TN:
SF:/Users/kross/projects/babel-plugin-flow-react-proptypes/src/makePropTypesAst.js
FN:40,makePropTypesAstForPropTypesAssignment
FN:69,makePropTypesAstForExport
FN:79,makeAnyPropTypeAST
FN:85,makeObjectAstForRaw
FN:129,makeObjectMergeAstForShapeIntersectRuntime
FN:131,(anonymous_5)
FN:159,makeShapeAstForShapeIntersectRuntime
FN:170,makeObjectAstForShape
FN:174,(anonymous_8)
FN:183,makePropTypeImportNode
FN:192,makeFunctionCheckAST
FN:196,makeNullCheckAST
FN:200,markNodeAsRequired
FN:204,processQualifiedTypeIdentifierIntoMemberExpression
FN:244,makePropType
FN:280,(anonymous_15)
FN:288,(anonymous_16)
FNF:17
FNH:17
FNDA:148,makePropTypesAstForPropTypesAssignment
FNDA:74,makePropTypesAstForExport
FNDA:69,makeAnyPropTypeAST
FNDA:50,makeObjectAstForRaw
FNDA:32,makeObjectMergeAstForShapeIntersectRuntime
FNDA:91,(anonymous_5)
FNDA:13,makeShapeAstForShapeIntersectRuntime
FNDA:131,makeObjectAstForShape
FNDA:274,(anonymous_8)
FNDA:515,makePropTypeImportNode
FNDA:43,makeFunctionCheckAST
FNDA:7,makeNullCheckAST
FNDA:376,markNodeAsRequired
FNDA:7,processQualifiedTypeIdentifierIntoMemberExpression
FNDA:410,makePropType
FNDA:76,(anonymous_15)
FNDA:4,(anonymous_16)
DA:5,72
DA:7,72
DA:13,72
DA:41,148
DA:44,17
DA:46,131
DA:47,90
DA:49,41
DA:50,2
DA:70,74
DA:71,74
DA:72,37
DA:73,37
DA:75,74
DA:80,69
DA:81,69
DA:82,69
DA:86,50
DA:91,50
DA:92,50
DA:93,50
DA:94,50
DA:130,32
DA:131,32
DA:132,91
DA:133,48
DA:136,43
DA:137,41
DA:139,2
DA:142,2
DA:145,32
DA:150,32
DA:160,13
DA:161,13
DA:174,131
DA:175,274
DA:180,131
DA:184,515
DA:185,515
DA:188,0
DA:189,0
DA:193,43
DA:197,7
DA:201,376
DA:205,7
DA:208,7
DA:209,2
DA:211,5
DA:212,5
DA:215,0
DA:217,7
DA:219,7
DA:221,7
DA:246,410
DA:248,410
DA:249,1
DA:250,1
DA:253,409
DA:254,409
DA:256,409
DA:258,255
DA:260,154
DA:261,24
DA:265,24
DA:266,24
DA:273,24
DA:274,20
DA:276,24
DA:277,24
DA:279,130
DA:280,45
DA:281,76
DA:283,45
DA:284,2
DA:288,4
DA:293,45
DA:294,45
DA:299,85
DA:301,13
DA:303,72
DA:304,8
DA:309,64
DA:310,35
DA:315,29
DA:316,6
DA:321,23
DA:322,4
DA:323,4
DA:325,19
DA:326,19
DA:328,19
DA:329,14
DA:331,5
DA:332,5
DA:335,0
DA:337,19
DA:341,19
DA:342,19
DA:343,16
DA:344,16
DA:346,19
DA:347,19
DA:353,0
DA:354,0
DA:355,0
DA:359,409
DA:360,324
DA:363,409
LF:108
LH:101
BRDA:41,0,0,17
BRDA:41,0,1,131
BRDA:46,1,0,90
BRDA:46,1,1,41
BRDA:49,2,0,2
BRDA:49,2,1,39
BRDA:71,3,0,37
BRDA:71,3,1,37
BRDA:132,4,0,48
BRDA:132,4,1,43
BRDA:136,5,0,41
BRDA:136,5,1,2
BRDA:139,6,0,2
BRDA:139,6,1,0
BRDA:184,7,0,515
BRDA:184,7,1,0
BRDA:208,8,0,2
BRDA:208,8,1,5
BRDA:211,9,0,5
BRDA:211,9,1,0
BRDA:248,10,0,1
BRDA:248,10,1,409
BRDA:256,11,0,255
BRDA:256,11,1,154
BRDA:256,12,0,409
BRDA:256,12,1,400
BRDA:256,12,2,245
BRDA:256,12,3,167
BRDA:256,12,4,161
BRDA:256,12,5,158
BRDA:256,12,6,158
BRDA:256,12,7,155
BRDA:260,13,0,24
BRDA:260,13,1,130
BRDA:273,14,0,20
BRDA:273,14,1,4
BRDA:279,15,0,45
BRDA:279,15,1,85
BRDA:283,16,0,2
BRDA:283,16,1,43
BRDA:283,17,0,45
BRDA:283,17,1,44
BRDA:299,18,0,13
BRDA:299,18,1,72
BRDA:303,19,0,8
BRDA:303,19,1,64
BRDA:309,20,0,35
BRDA:309,20,1,29
BRDA:315,21,0,6
BRDA:315,21,1,23
BRDA:321,22,0,4
BRDA:321,22,1,19
BRDA:325,23,0,19
BRDA:325,23,1,0
BRDA:328,24,0,14
BRDA:328,24,1,5
BRDA:331,25,0,5
BRDA:331,25,1,0
BRDA:342,26,0,16
BRDA:342,26,1,3
BRDA:359,27,0,324
BRDA:359,27,1,85
BRDA:359,28,0,409
BRDA:359,28,1,362
BRF:64
BRH:59
end_of_record
TN:
SF:/Users/kross/projects/babel-plugin-flow-react-proptypes/src/util.js
FN:4,(anonymous_0)
FN:9,isExact
FN:13,makeLiteral
FN:23,getExportNameForType
FN:27,containsReactElement
FN:63,hasReactElementTypeAnnotationReturn
FNF:6
FNH:6
FNDA:1005,(anonymous_0)
FNDA:2,isExact
FNDA:579,makeLiteral
FNDA:206,getExportNameForType
FNDA:276,containsReactElement
FNDA:279,hasReactElementTypeAnnotationReturn
DA:4,72
DA:7,72
DA:10,2
DA:14,579
DA:15,12
DA:16,4
DA:18,0
DA:19,0
DA:24,206
DA:28,276
DA:35,276
DA:37,276
DA:39,17
DA:40,17
DA:43,344
DA:44,0
DA:45,0
DA:48,344
DA:49,344
DA:50,344
DA:51,235
DA:55,2
DA:56,2
DA:60,276
DA:64,279
DA:65,261
DA:67,18
DA:68,14
DA:71,4
DA:72,4
DA:73,3
DA:74,3
DA:77,0
DA:81,1
LF:34
LH:29
BRDA:14,0,0,567
BRDA:14,0,1,12
BRDA:15,1,0,8
BRDA:15,1,1,4
BRDA:16,2,0,4
BRDA:16,2,1,0
BRDA:43,3,0,0
BRDA:43,3,1,344
BRDA:50,4,0,109
BRDA:50,4,1,235
BRDA:51,5,0,2
BRDA:51,5,1,233
BRDA:52,6,0,235
BRDA:52,6,1,235
BRDA:52,6,2,2
BRDA:52,6,3,2
BRDA:64,7,0,261
BRDA:64,7,1,18
BRDA:67,8,0,14
BRDA:67,8,1,4
BRDA:67,9,0,18
BRDA:67,9,1,4
BRDA:72,10,0,3
BRDA:72,10,1,1
BRDA:73,11,0,3
BRDA:73,11,1,0
BRDA:73,12,0,3
BRDA:73,12,1,3
BRF:28
BRH:25
end_of_record
TN:
SF:/Users/kross/projects/babel-plugin-flow-react-proptypes/src/__tests__/lib/test-types.js.transpiled
FNF:0
FNH:0
DA:3,3
DA:8,3
DA:22,3
DA:25,3
DA:28,3
LF:5
LH:5
BRDA:3,0,0,3
BRDA:3,0,1,0
BRDA:8,1,0,3
BRDA:8,1,1,0
BRDA:22,2,0,3
BRDA:22,2,1,0
BRDA:25,3,0,3
BRDA:25,3,1,0
BRDA:28,4,0,3
BRDA:28,4,1,0
BRF:10
BRH:5
end_of_record
